[0.000000] (-) TimerEvent: {}
[0.000207] (-) JobUnselected: {'identifier': 'bspline'}
[0.000231] (-) JobUnselected: {'identifier': 'bspline'}
[0.000240] (-) JobUnselected: {'identifier': 'cmake_utils'}
[0.000246] (-) JobUnselected: {'identifier': 'local_sensing_node'}
[0.000252] (-) JobUnselected: {'identifier': 'map_generator'}
[0.000257] (-) JobUnselected: {'identifier': 'multi_map_server'}
[0.000262] (-) JobUnselected: {'identifier': 'odom_visualization'}
[0.000268] (-) JobUnselected: {'identifier': 'path_searching'}
[0.000273] (-) JobUnselected: {'identifier': 'plan_env'}
[0.000277] (-) JobUnselected: {'identifier': 'plan_manage'}
[0.000282] (-) JobUnselected: {'identifier': 'poly_traj'}
[0.000287] (-) JobUnselected: {'identifier': 'pose_utils'}
[0.000292] (-) JobUnselected: {'identifier': 'quadrotor_msgs'}
[0.000297] (-) JobUnselected: {'identifier': 'rviz_plugins'}
[0.000301] (-) JobUnselected: {'identifier': 'so3_control'}
[0.000306] (-) JobUnselected: {'identifier': 'so3_disturbance_generator'}
[0.000311] (-) JobUnselected: {'identifier': 'so3_quadrotor_simulator'}
[0.000316] (-) JobUnselected: {'identifier': 'traj_utils'}
[0.000321] (-) JobUnselected: {'identifier': 'uav_utils'}
[0.000325] (-) JobUnselected: {'identifier': 'waypoint_generator'}
[0.000501] (-) EventReactorShutdown: {}
