[0.052s] DEBUG:colcon:Command line arguments: ['/usr/bin/colcon', 'build', '--packages-select', 'bspline_opt']
[0.052s] DEBUG:colcon:Parsed command line arguments: Namespace(log_base=None, log_level=None, verb_name='build', build_base='build', install_base='install', merge_install=False, symlink_install=False, test_result_base=None, continue_on_error=False, executor='parallel', parallel_workers=20, event_handlers=None, ignore_user_meta=False, metas=['./colcon.meta'], base_paths=['.'], packages_ignore=None, packages_ignore_regex=None, paths=None, packages_up_to=None, packages_up_to_regex=None, packages_above=None, packages_above_and_dependencies=None, packages_above_depth=None, packages_select_by_dep=None, packages_skip_by_dep=None, packages_skip_up_to=None, packages_select_build_failed=False, packages_skip_build_finished=False, packages_select_test_failures=False, packages_skip_test_passed=False, packages_select=['bspline_opt'], packages_skip=None, packages_select_regex=None, packages_skip_regex=None, packages_start=None, packages_end=None, allow_overriding=[], cmake_args=None, cmake_target=None, cmake_target_skip_unavailable=False, cmake_clean_cache=False, cmake_clean_first=False, cmake_force_configure=False, ament_cmake_args=None, catkin_cmake_args=None, catkin_skip_building_tests=False, mixin_files=None, mixin=None, verb_parser=<colcon_mixin.mixin.mixin_argument.MixinArgumentDecorator object at 0x793c7d1cdfc0>, verb_extension=<colcon_core.verb.build.BuildVerb object at 0x793c7d1cd8d0>, main=<bound method BuildVerb.main of <colcon_core.verb.build.BuildVerb object at 0x793c7d1cd8d0>>, mixin_verb=('build',))
[0.069s] Level 1:colcon.colcon_core.package_discovery:discover_packages(colcon_meta) check parameters
[0.069s] Level 1:colcon.colcon_core.package_discovery:discover_packages(recursive) check parameters
[0.069s] Level 1:colcon.colcon_core.package_discovery:discover_packages(ignore) check parameters
[0.069s] Level 1:colcon.colcon_core.package_discovery:discover_packages(path) check parameters
[0.069s] Level 1:colcon.colcon_core.package_discovery:discover_packages(colcon_meta) discover
[0.069s] Level 1:colcon.colcon_core.package_discovery:discover_packages(recursive) discover
[0.069s] INFO:colcon.colcon_core.package_discovery:Crawling recursively for packages in '/home/rohan908/Documents/ACP/NMPC/src/ros2_fast_planner/Fast-Planner-ROS2-Humble'
[0.069s] Level 1:colcon.colcon_core.package_identification:_identify(.) by extensions ['ignore', 'ignore_ament_install']
[0.069s] Level 1:colcon.colcon_core.package_identification:_identify(.) by extension 'ignore'
[0.069s] Level 1:colcon.colcon_core.package_identification:_identify(.) by extension 'ignore_ament_install'
[0.069s] Level 1:colcon.colcon_core.package_identification:_identify(.) by extensions ['colcon_pkg']
[0.069s] Level 1:colcon.colcon_core.package_identification:_identify(.) by extension 'colcon_pkg'
[0.069s] Level 1:colcon.colcon_core.package_identification:_identify(.) by extensions ['colcon_meta']
[0.069s] Level 1:colcon.colcon_core.package_identification:_identify(.) by extension 'colcon_meta'
[0.069s] Level 1:colcon.colcon_core.package_identification:_identify(.) by extensions ['ros']
[0.069s] Level 1:colcon.colcon_core.package_identification:_identify(.) by extension 'ros'
[0.076s] Level 1:colcon.colcon_core.package_identification:_identify(.) by extensions ['cmake', 'python']
[0.076s] Level 1:colcon.colcon_core.package_identification:_identify(.) by extension 'cmake'
[0.076s] Level 1:colcon.colcon_core.package_identification:_identify(.) by extension 'python'
[0.076s] Level 1:colcon.colcon_core.package_identification:_identify(.) by extensions ['python_setup_py']
[0.076s] Level 1:colcon.colcon_core.package_identification:_identify(.) by extension 'python_setup_py'
[0.076s] Level 1:colcon.colcon_core.package_identification:_identify(build) by extensions ['ignore', 'ignore_ament_install']
[0.076s] Level 1:colcon.colcon_core.package_identification:_identify(build) by extension 'ignore'
[0.076s] Level 1:colcon.colcon_core.package_identification:_identify(build) ignored
[0.076s] Level 1:colcon.colcon_core.package_identification:_identify(fast_planner) by extensions ['ignore', 'ignore_ament_install']
[0.076s] Level 1:colcon.colcon_core.package_identification:_identify(fast_planner) by extension 'ignore'
[0.076s] Level 1:colcon.colcon_core.package_identification:_identify(fast_planner) by extension 'ignore_ament_install'
[0.076s] Level 1:colcon.colcon_core.package_identification:_identify(fast_planner) by extensions ['colcon_pkg']
[0.076s] Level 1:colcon.colcon_core.package_identification:_identify(fast_planner) by extension 'colcon_pkg'
[0.076s] Level 1:colcon.colcon_core.package_identification:_identify(fast_planner) by extensions ['colcon_meta']
[0.076s] Level 1:colcon.colcon_core.package_identification:_identify(fast_planner) by extension 'colcon_meta'
[0.076s] Level 1:colcon.colcon_core.package_identification:_identify(fast_planner) by extensions ['ros']
[0.076s] Level 1:colcon.colcon_core.package_identification:_identify(fast_planner) by extension 'ros'
[0.076s] Level 1:colcon.colcon_core.package_identification:_identify(fast_planner) by extensions ['cmake', 'python']
[0.076s] Level 1:colcon.colcon_core.package_identification:_identify(fast_planner) by extension 'cmake'
[0.076s] Level 1:colcon.colcon_core.package_identification:_identify(fast_planner) by extension 'python'
[0.076s] Level 1:colcon.colcon_core.package_identification:_identify(fast_planner) by extensions ['python_setup_py']
[0.076s] Level 1:colcon.colcon_core.package_identification:_identify(fast_planner) by extension 'python_setup_py'
[0.076s] Level 1:colcon.colcon_core.package_identification:_identify(fast_planner/bag) by extensions ['ignore', 'ignore_ament_install']
[0.076s] Level 1:colcon.colcon_core.package_identification:_identify(fast_planner/bag) by extension 'ignore'
[0.076s] Level 1:colcon.colcon_core.package_identification:_identify(fast_planner/bag) by extension 'ignore_ament_install'
[0.076s] Level 1:colcon.colcon_core.package_identification:_identify(fast_planner/bag) by extensions ['colcon_pkg']
[0.076s] Level 1:colcon.colcon_core.package_identification:_identify(fast_planner/bag) by extension 'colcon_pkg'
[0.076s] Level 1:colcon.colcon_core.package_identification:_identify(fast_planner/bag) by extensions ['colcon_meta']
[0.076s] Level 1:colcon.colcon_core.package_identification:_identify(fast_planner/bag) by extension 'colcon_meta'
[0.076s] Level 1:colcon.colcon_core.package_identification:_identify(fast_planner/bag) by extensions ['ros']
[0.076s] Level 1:colcon.colcon_core.package_identification:_identify(fast_planner/bag) by extension 'ros'
[0.076s] Level 1:colcon.colcon_core.package_identification:_identify(fast_planner/bag) by extensions ['cmake', 'python']
[0.076s] Level 1:colcon.colcon_core.package_identification:_identify(fast_planner/bag) by extension 'cmake'
[0.076s] Level 1:colcon.colcon_core.package_identification:_identify(fast_planner/bag) by extension 'python'
[0.076s] Level 1:colcon.colcon_core.package_identification:_identify(fast_planner/bag) by extensions ['python_setup_py']
[0.076s] Level 1:colcon.colcon_core.package_identification:_identify(fast_planner/bag) by extension 'python_setup_py'
[0.076s] Level 1:colcon.colcon_core.package_identification:_identify(fast_planner/bspline) by extensions ['ignore', 'ignore_ament_install']
[0.076s] Level 1:colcon.colcon_core.package_identification:_identify(fast_planner/bspline) by extension 'ignore'
[0.076s] Level 1:colcon.colcon_core.package_identification:_identify(fast_planner/bspline) by extension 'ignore_ament_install'
[0.076s] Level 1:colcon.colcon_core.package_identification:_identify(fast_planner/bspline) by extensions ['colcon_pkg']
[0.076s] Level 1:colcon.colcon_core.package_identification:_identify(fast_planner/bspline) by extension 'colcon_pkg'
[0.076s] Level 1:colcon.colcon_core.package_identification:_identify(fast_planner/bspline) by extensions ['colcon_meta']
[0.076s] Level 1:colcon.colcon_core.package_identification:_identify(fast_planner/bspline) by extension 'colcon_meta'
[0.076s] Level 1:colcon.colcon_core.package_identification:_identify(fast_planner/bspline) by extensions ['ros']
[0.076s] Level 1:colcon.colcon_core.package_identification:_identify(fast_planner/bspline) by extension 'ros'
[0.078s] DEBUG:colcon.colcon_core.package_identification:Package 'fast_planner/bspline' with type 'ros.catkin' and name 'bspline'
[0.078s] Level 1:colcon.colcon_core.package_identification:_identify(fast_planner/bspline_opt) by extensions ['ignore', 'ignore_ament_install']
[0.078s] Level 1:colcon.colcon_core.package_identification:_identify(fast_planner/bspline_opt) by extension 'ignore'
[0.078s] Level 1:colcon.colcon_core.package_identification:_identify(fast_planner/bspline_opt) by extension 'ignore_ament_install'
[0.078s] Level 1:colcon.colcon_core.package_identification:_identify(fast_planner/bspline_opt) by extensions ['colcon_pkg']
[0.078s] Level 1:colcon.colcon_core.package_identification:_identify(fast_planner/bspline_opt) by extension 'colcon_pkg'
[0.078s] Level 1:colcon.colcon_core.package_identification:_identify(fast_planner/bspline_opt) by extensions ['colcon_meta']
[0.078s] Level 1:colcon.colcon_core.package_identification:_identify(fast_planner/bspline_opt) by extension 'colcon_meta'
[0.078s] Level 1:colcon.colcon_core.package_identification:_identify(fast_planner/bspline_opt) by extensions ['ros']
[0.078s] Level 1:colcon.colcon_core.package_identification:_identify(fast_planner/bspline_opt) by extension 'ros'
[0.078s] DEBUG:colcon.colcon_core.package_identification:Package 'fast_planner/bspline_opt' with type 'ros.catkin' and name 'bspline'
[0.078s] Level 1:colcon.colcon_core.package_identification:_identify(fast_planner/path_searching) by extensions ['ignore', 'ignore_ament_install']
[0.078s] Level 1:colcon.colcon_core.package_identification:_identify(fast_planner/path_searching) by extension 'ignore'
[0.078s] Level 1:colcon.colcon_core.package_identification:_identify(fast_planner/path_searching) by extension 'ignore_ament_install'
[0.078s] Level 1:colcon.colcon_core.package_identification:_identify(fast_planner/path_searching) by extensions ['colcon_pkg']
[0.078s] Level 1:colcon.colcon_core.package_identification:_identify(fast_planner/path_searching) by extension 'colcon_pkg'
[0.078s] Level 1:colcon.colcon_core.package_identification:_identify(fast_planner/path_searching) by extensions ['colcon_meta']
[0.078s] Level 1:colcon.colcon_core.package_identification:_identify(fast_planner/path_searching) by extension 'colcon_meta'
[0.078s] Level 1:colcon.colcon_core.package_identification:_identify(fast_planner/path_searching) by extensions ['ros']
[0.078s] Level 1:colcon.colcon_core.package_identification:_identify(fast_planner/path_searching) by extension 'ros'
[0.079s] DEBUG:colcon.colcon_core.package_identification:Package 'fast_planner/path_searching' with type 'ros.catkin' and name 'path_searching'
[0.079s] Level 1:colcon.colcon_core.package_identification:_identify(fast_planner/plan_env) by extensions ['ignore', 'ignore_ament_install']
[0.079s] Level 1:colcon.colcon_core.package_identification:_identify(fast_planner/plan_env) by extension 'ignore'
[0.079s] Level 1:colcon.colcon_core.package_identification:_identify(fast_planner/plan_env) by extension 'ignore_ament_install'
[0.079s] Level 1:colcon.colcon_core.package_identification:_identify(fast_planner/plan_env) by extensions ['colcon_pkg']
[0.079s] Level 1:colcon.colcon_core.package_identification:_identify(fast_planner/plan_env) by extension 'colcon_pkg'
[0.079s] Level 1:colcon.colcon_core.package_identification:_identify(fast_planner/plan_env) by extensions ['colcon_meta']
[0.079s] Level 1:colcon.colcon_core.package_identification:_identify(fast_planner/plan_env) by extension 'colcon_meta'
[0.079s] Level 1:colcon.colcon_core.package_identification:_identify(fast_planner/plan_env) by extensions ['ros']
[0.079s] Level 1:colcon.colcon_core.package_identification:_identify(fast_planner/plan_env) by extension 'ros'
[0.079s] DEBUG:colcon.colcon_core.package_identification:Package 'fast_planner/plan_env' with type 'ros.catkin' and name 'plan_env'
[0.079s] Level 1:colcon.colcon_core.package_identification:_identify(fast_planner/plan_manage) by extensions ['ignore', 'ignore_ament_install']
[0.079s] Level 1:colcon.colcon_core.package_identification:_identify(fast_planner/plan_manage) by extension 'ignore'
[0.079s] Level 1:colcon.colcon_core.package_identification:_identify(fast_planner/plan_manage) by extension 'ignore_ament_install'
[0.079s] Level 1:colcon.colcon_core.package_identification:_identify(fast_planner/plan_manage) by extensions ['colcon_pkg']
[0.079s] Level 1:colcon.colcon_core.package_identification:_identify(fast_planner/plan_manage) by extension 'colcon_pkg'
[0.079s] Level 1:colcon.colcon_core.package_identification:_identify(fast_planner/plan_manage) by extensions ['colcon_meta']
[0.079s] Level 1:colcon.colcon_core.package_identification:_identify(fast_planner/plan_manage) by extension 'colcon_meta'
[0.079s] Level 1:colcon.colcon_core.package_identification:_identify(fast_planner/plan_manage) by extensions ['ros']
[0.079s] Level 1:colcon.colcon_core.package_identification:_identify(fast_planner/plan_manage) by extension 'ros'
[0.080s] DEBUG:colcon.colcon_core.package_identification:Package 'fast_planner/plan_manage' with type 'ros.catkin' and name 'plan_manage'
[0.080s] Level 1:colcon.colcon_core.package_identification:_identify(fast_planner/poly_traj) by extensions ['ignore', 'ignore_ament_install']
[0.080s] Level 1:colcon.colcon_core.package_identification:_identify(fast_planner/poly_traj) by extension 'ignore'
[0.080s] Level 1:colcon.colcon_core.package_identification:_identify(fast_planner/poly_traj) by extension 'ignore_ament_install'
[0.080s] Level 1:colcon.colcon_core.package_identification:_identify(fast_planner/poly_traj) by extensions ['colcon_pkg']
[0.080s] Level 1:colcon.colcon_core.package_identification:_identify(fast_planner/poly_traj) by extension 'colcon_pkg'
[0.080s] Level 1:colcon.colcon_core.package_identification:_identify(fast_planner/poly_traj) by extensions ['colcon_meta']
[0.080s] Level 1:colcon.colcon_core.package_identification:_identify(fast_planner/poly_traj) by extension 'colcon_meta'
[0.080s] Level 1:colcon.colcon_core.package_identification:_identify(fast_planner/poly_traj) by extensions ['ros']
[0.080s] Level 1:colcon.colcon_core.package_identification:_identify(fast_planner/poly_traj) by extension 'ros'
[0.080s] DEBUG:colcon.colcon_core.package_identification:Package 'fast_planner/poly_traj' with type 'ros.catkin' and name 'poly_traj'
[0.080s] Level 1:colcon.colcon_core.package_identification:_identify(fast_planner/traj_utils) by extensions ['ignore', 'ignore_ament_install']
[0.080s] Level 1:colcon.colcon_core.package_identification:_identify(fast_planner/traj_utils) by extension 'ignore'
[0.080s] Level 1:colcon.colcon_core.package_identification:_identify(fast_planner/traj_utils) by extension 'ignore_ament_install'
[0.080s] Level 1:colcon.colcon_core.package_identification:_identify(fast_planner/traj_utils) by extensions ['colcon_pkg']
[0.080s] Level 1:colcon.colcon_core.package_identification:_identify(fast_planner/traj_utils) by extension 'colcon_pkg'
[0.080s] Level 1:colcon.colcon_core.package_identification:_identify(fast_planner/traj_utils) by extensions ['colcon_meta']
[0.080s] Level 1:colcon.colcon_core.package_identification:_identify(fast_planner/traj_utils) by extension 'colcon_meta'
[0.080s] Level 1:colcon.colcon_core.package_identification:_identify(fast_planner/traj_utils) by extensions ['ros']
[0.080s] Level 1:colcon.colcon_core.package_identification:_identify(fast_planner/traj_utils) by extension 'ros'
[0.081s] DEBUG:colcon.colcon_core.package_identification:Package 'fast_planner/traj_utils' with type 'ros.catkin' and name 'traj_utils'
[0.081s] Level 1:colcon.colcon_core.package_identification:_identify(files) by extensions ['ignore', 'ignore_ament_install']
[0.081s] Level 1:colcon.colcon_core.package_identification:_identify(files) by extension 'ignore'
[0.081s] Level 1:colcon.colcon_core.package_identification:_identify(files) by extension 'ignore_ament_install'
[0.081s] Level 1:colcon.colcon_core.package_identification:_identify(files) by extensions ['colcon_pkg']
[0.081s] Level 1:colcon.colcon_core.package_identification:_identify(files) by extension 'colcon_pkg'
[0.081s] Level 1:colcon.colcon_core.package_identification:_identify(files) by extensions ['colcon_meta']
[0.081s] Level 1:colcon.colcon_core.package_identification:_identify(files) by extension 'colcon_meta'
[0.081s] Level 1:colcon.colcon_core.package_identification:_identify(files) by extensions ['ros']
[0.081s] Level 1:colcon.colcon_core.package_identification:_identify(files) by extension 'ros'
[0.081s] Level 1:colcon.colcon_core.package_identification:_identify(files) by extensions ['cmake', 'python']
[0.081s] Level 1:colcon.colcon_core.package_identification:_identify(files) by extension 'cmake'
[0.081s] Level 1:colcon.colcon_core.package_identification:_identify(files) by extension 'python'
[0.081s] Level 1:colcon.colcon_core.package_identification:_identify(files) by extensions ['python_setup_py']
[0.081s] Level 1:colcon.colcon_core.package_identification:_identify(files) by extension 'python_setup_py'
[0.081s] Level 1:colcon.colcon_core.package_identification:_identify(install) by extensions ['ignore', 'ignore_ament_install']
[0.081s] Level 1:colcon.colcon_core.package_identification:_identify(install) by extension 'ignore'
[0.081s] Level 1:colcon.colcon_core.package_identification:_identify(install) ignored
[0.081s] Level 1:colcon.colcon_core.package_identification:_identify(log) by extensions ['ignore', 'ignore_ament_install']
[0.081s] Level 1:colcon.colcon_core.package_identification:_identify(log) by extension 'ignore'
[0.081s] Level 1:colcon.colcon_core.package_identification:_identify(log) ignored
[0.081s] Level 1:colcon.colcon_core.package_identification:_identify(uav_simulator) by extensions ['ignore', 'ignore_ament_install']
[0.081s] Level 1:colcon.colcon_core.package_identification:_identify(uav_simulator) by extension 'ignore'
[0.081s] Level 1:colcon.colcon_core.package_identification:_identify(uav_simulator) by extension 'ignore_ament_install'
[0.081s] Level 1:colcon.colcon_core.package_identification:_identify(uav_simulator) by extensions ['colcon_pkg']
[0.081s] Level 1:colcon.colcon_core.package_identification:_identify(uav_simulator) by extension 'colcon_pkg'
[0.081s] Level 1:colcon.colcon_core.package_identification:_identify(uav_simulator) by extensions ['colcon_meta']
[0.081s] Level 1:colcon.colcon_core.package_identification:_identify(uav_simulator) by extension 'colcon_meta'
[0.081s] Level 1:colcon.colcon_core.package_identification:_identify(uav_simulator) by extensions ['ros']
[0.081s] Level 1:colcon.colcon_core.package_identification:_identify(uav_simulator) by extension 'ros'
[0.081s] Level 1:colcon.colcon_core.package_identification:_identify(uav_simulator) by extensions ['cmake', 'python']
[0.081s] Level 1:colcon.colcon_core.package_identification:_identify(uav_simulator) by extension 'cmake'
[0.081s] Level 1:colcon.colcon_core.package_identification:_identify(uav_simulator) by extension 'python'
[0.081s] Level 1:colcon.colcon_core.package_identification:_identify(uav_simulator) by extensions ['python_setup_py']
[0.081s] Level 1:colcon.colcon_core.package_identification:_identify(uav_simulator) by extension 'python_setup_py'
[0.081s] Level 1:colcon.colcon_core.package_identification:_identify(uav_simulator/Utils) by extensions ['ignore', 'ignore_ament_install']
[0.081s] Level 1:colcon.colcon_core.package_identification:_identify(uav_simulator/Utils) by extension 'ignore'
[0.081s] Level 1:colcon.colcon_core.package_identification:_identify(uav_simulator/Utils) by extension 'ignore_ament_install'
[0.081s] Level 1:colcon.colcon_core.package_identification:_identify(uav_simulator/Utils) by extensions ['colcon_pkg']
[0.081s] Level 1:colcon.colcon_core.package_identification:_identify(uav_simulator/Utils) by extension 'colcon_pkg'
[0.081s] Level 1:colcon.colcon_core.package_identification:_identify(uav_simulator/Utils) by extensions ['colcon_meta']
[0.081s] Level 1:colcon.colcon_core.package_identification:_identify(uav_simulator/Utils) by extension 'colcon_meta'
[0.081s] Level 1:colcon.colcon_core.package_identification:_identify(uav_simulator/Utils) by extensions ['ros']
[0.081s] Level 1:colcon.colcon_core.package_identification:_identify(uav_simulator/Utils) by extension 'ros'
[0.081s] Level 1:colcon.colcon_core.package_identification:_identify(uav_simulator/Utils) by extensions ['cmake', 'python']
[0.081s] Level 1:colcon.colcon_core.package_identification:_identify(uav_simulator/Utils) by extension 'cmake'
[0.081s] Level 1:colcon.colcon_core.package_identification:_identify(uav_simulator/Utils) by extension 'python'
[0.081s] Level 1:colcon.colcon_core.package_identification:_identify(uav_simulator/Utils) by extensions ['python_setup_py']
[0.081s] Level 1:colcon.colcon_core.package_identification:_identify(uav_simulator/Utils) by extension 'python_setup_py'
[0.081s] Level 1:colcon.colcon_core.package_identification:_identify(uav_simulator/Utils/cmake_utils) by extensions ['ignore', 'ignore_ament_install']
[0.082s] Level 1:colcon.colcon_core.package_identification:_identify(uav_simulator/Utils/cmake_utils) by extension 'ignore'
[0.082s] Level 1:colcon.colcon_core.package_identification:_identify(uav_simulator/Utils/cmake_utils) by extension 'ignore_ament_install'
[0.082s] Level 1:colcon.colcon_core.package_identification:_identify(uav_simulator/Utils/cmake_utils) by extensions ['colcon_pkg']
[0.082s] Level 1:colcon.colcon_core.package_identification:_identify(uav_simulator/Utils/cmake_utils) by extension 'colcon_pkg'
[0.082s] Level 1:colcon.colcon_core.package_identification:_identify(uav_simulator/Utils/cmake_utils) by extensions ['colcon_meta']
[0.082s] Level 1:colcon.colcon_core.package_identification:_identify(uav_simulator/Utils/cmake_utils) by extension 'colcon_meta'
[0.082s] Level 1:colcon.colcon_core.package_identification:_identify(uav_simulator/Utils/cmake_utils) by extensions ['ros']
[0.082s] Level 1:colcon.colcon_core.package_identification:_identify(uav_simulator/Utils/cmake_utils) by extension 'ros'
[0.082s] DEBUG:colcon.colcon_core.package_identification:Package 'uav_simulator/Utils/cmake_utils' with type 'ros.catkin' and name 'cmake_utils'
[0.082s] Level 1:colcon.colcon_core.package_identification:_identify(uav_simulator/Utils/multi_map_server) by extensions ['ignore', 'ignore_ament_install']
[0.082s] Level 1:colcon.colcon_core.package_identification:_identify(uav_simulator/Utils/multi_map_server) by extension 'ignore'
[0.082s] Level 1:colcon.colcon_core.package_identification:_identify(uav_simulator/Utils/multi_map_server) by extension 'ignore_ament_install'
[0.082s] Level 1:colcon.colcon_core.package_identification:_identify(uav_simulator/Utils/multi_map_server) by extensions ['colcon_pkg']
[0.082s] Level 1:colcon.colcon_core.package_identification:_identify(uav_simulator/Utils/multi_map_server) by extension 'colcon_pkg'
[0.082s] Level 1:colcon.colcon_core.package_identification:_identify(uav_simulator/Utils/multi_map_server) by extensions ['colcon_meta']
[0.082s] Level 1:colcon.colcon_core.package_identification:_identify(uav_simulator/Utils/multi_map_server) by extension 'colcon_meta'
[0.082s] Level 1:colcon.colcon_core.package_identification:_identify(uav_simulator/Utils/multi_map_server) by extensions ['ros']
[0.082s] Level 1:colcon.colcon_core.package_identification:_identify(uav_simulator/Utils/multi_map_server) by extension 'ros'
[0.082s] DEBUG:colcon.colcon_core.package_identification:Package 'uav_simulator/Utils/multi_map_server' with type 'ros.catkin' and name 'multi_map_server'
[0.082s] Level 1:colcon.colcon_core.package_identification:_identify(uav_simulator/Utils/odom_visualization) by extensions ['ignore', 'ignore_ament_install']
[0.083s] Level 1:colcon.colcon_core.package_identification:_identify(uav_simulator/Utils/odom_visualization) by extension 'ignore'
[0.083s] Level 1:colcon.colcon_core.package_identification:_identify(uav_simulator/Utils/odom_visualization) by extension 'ignore_ament_install'
[0.083s] Level 1:colcon.colcon_core.package_identification:_identify(uav_simulator/Utils/odom_visualization) by extensions ['colcon_pkg']
[0.083s] Level 1:colcon.colcon_core.package_identification:_identify(uav_simulator/Utils/odom_visualization) by extension 'colcon_pkg'
[0.083s] Level 1:colcon.colcon_core.package_identification:_identify(uav_simulator/Utils/odom_visualization) by extensions ['colcon_meta']
[0.083s] Level 1:colcon.colcon_core.package_identification:_identify(uav_simulator/Utils/odom_visualization) by extension 'colcon_meta'
[0.083s] Level 1:colcon.colcon_core.package_identification:_identify(uav_simulator/Utils/odom_visualization) by extensions ['ros']
[0.083s] Level 1:colcon.colcon_core.package_identification:_identify(uav_simulator/Utils/odom_visualization) by extension 'ros'
[0.083s] DEBUG:colcon.colcon_core.package_identification:Package 'uav_simulator/Utils/odom_visualization' with type 'ros.catkin' and name 'odom_visualization'
[0.083s] Level 1:colcon.colcon_core.package_identification:_identify(uav_simulator/Utils/pose_utils) by extensions ['ignore', 'ignore_ament_install']
[0.083s] Level 1:colcon.colcon_core.package_identification:_identify(uav_simulator/Utils/pose_utils) by extension 'ignore'
[0.083s] Level 1:colcon.colcon_core.package_identification:_identify(uav_simulator/Utils/pose_utils) by extension 'ignore_ament_install'
[0.083s] Level 1:colcon.colcon_core.package_identification:_identify(uav_simulator/Utils/pose_utils) by extensions ['colcon_pkg']
[0.083s] Level 1:colcon.colcon_core.package_identification:_identify(uav_simulator/Utils/pose_utils) by extension 'colcon_pkg'
[0.083s] Level 1:colcon.colcon_core.package_identification:_identify(uav_simulator/Utils/pose_utils) by extensions ['colcon_meta']
[0.083s] Level 1:colcon.colcon_core.package_identification:_identify(uav_simulator/Utils/pose_utils) by extension 'colcon_meta'
[0.083s] Level 1:colcon.colcon_core.package_identification:_identify(uav_simulator/Utils/pose_utils) by extensions ['ros']
[0.083s] Level 1:colcon.colcon_core.package_identification:_identify(uav_simulator/Utils/pose_utils) by extension 'ros'
[0.083s] DEBUG:colcon.colcon_core.package_identification:Package 'uav_simulator/Utils/pose_utils' with type 'ros.catkin' and name 'pose_utils'
[0.083s] Level 1:colcon.colcon_core.package_identification:_identify(uav_simulator/Utils/quadrotor_msgs) by extensions ['ignore', 'ignore_ament_install']
[0.083s] Level 1:colcon.colcon_core.package_identification:_identify(uav_simulator/Utils/quadrotor_msgs) by extension 'ignore'
[0.083s] Level 1:colcon.colcon_core.package_identification:_identify(uav_simulator/Utils/quadrotor_msgs) by extension 'ignore_ament_install'
[0.083s] Level 1:colcon.colcon_core.package_identification:_identify(uav_simulator/Utils/quadrotor_msgs) by extensions ['colcon_pkg']
[0.083s] Level 1:colcon.colcon_core.package_identification:_identify(uav_simulator/Utils/quadrotor_msgs) by extension 'colcon_pkg'
[0.083s] Level 1:colcon.colcon_core.package_identification:_identify(uav_simulator/Utils/quadrotor_msgs) by extensions ['colcon_meta']
[0.083s] Level 1:colcon.colcon_core.package_identification:_identify(uav_simulator/Utils/quadrotor_msgs) by extension 'colcon_meta'
[0.083s] Level 1:colcon.colcon_core.package_identification:_identify(uav_simulator/Utils/quadrotor_msgs) by extensions ['ros']
[0.083s] Level 1:colcon.colcon_core.package_identification:_identify(uav_simulator/Utils/quadrotor_msgs) by extension 'ros'
[0.084s] DEBUG:colcon.colcon_core.package_identification:Package 'uav_simulator/Utils/quadrotor_msgs' with type 'ros.catkin' and name 'quadrotor_msgs'
[0.084s] Level 1:colcon.colcon_core.package_identification:_identify(uav_simulator/Utils/rviz_plugins) by extensions ['ignore', 'ignore_ament_install']
[0.084s] Level 1:colcon.colcon_core.package_identification:_identify(uav_simulator/Utils/rviz_plugins) by extension 'ignore'
[0.084s] Level 1:colcon.colcon_core.package_identification:_identify(uav_simulator/Utils/rviz_plugins) by extension 'ignore_ament_install'
[0.084s] Level 1:colcon.colcon_core.package_identification:_identify(uav_simulator/Utils/rviz_plugins) by extensions ['colcon_pkg']
[0.084s] Level 1:colcon.colcon_core.package_identification:_identify(uav_simulator/Utils/rviz_plugins) by extension 'colcon_pkg'
[0.084s] Level 1:colcon.colcon_core.package_identification:_identify(uav_simulator/Utils/rviz_plugins) by extensions ['colcon_meta']
[0.084s] Level 1:colcon.colcon_core.package_identification:_identify(uav_simulator/Utils/rviz_plugins) by extension 'colcon_meta'
[0.084s] Level 1:colcon.colcon_core.package_identification:_identify(uav_simulator/Utils/rviz_plugins) by extensions ['ros']
[0.084s] Level 1:colcon.colcon_core.package_identification:_identify(uav_simulator/Utils/rviz_plugins) by extension 'ros'
[0.084s] DEBUG:colcon.colcon_core.package_identification:Package 'uav_simulator/Utils/rviz_plugins' with type 'ros.catkin' and name 'rviz_plugins'
[0.084s] Level 1:colcon.colcon_core.package_identification:_identify(uav_simulator/Utils/uav_utils) by extensions ['ignore', 'ignore_ament_install']
[0.084s] Level 1:colcon.colcon_core.package_identification:_identify(uav_simulator/Utils/uav_utils) by extension 'ignore'
[0.084s] Level 1:colcon.colcon_core.package_identification:_identify(uav_simulator/Utils/uav_utils) by extension 'ignore_ament_install'
[0.084s] Level 1:colcon.colcon_core.package_identification:_identify(uav_simulator/Utils/uav_utils) by extensions ['colcon_pkg']
[0.084s] Level 1:colcon.colcon_core.package_identification:_identify(uav_simulator/Utils/uav_utils) by extension 'colcon_pkg'
[0.084s] Level 1:colcon.colcon_core.package_identification:_identify(uav_simulator/Utils/uav_utils) by extensions ['colcon_meta']
[0.084s] Level 1:colcon.colcon_core.package_identification:_identify(uav_simulator/Utils/uav_utils) by extension 'colcon_meta'
[0.084s] Level 1:colcon.colcon_core.package_identification:_identify(uav_simulator/Utils/uav_utils) by extensions ['ros']
[0.084s] Level 1:colcon.colcon_core.package_identification:_identify(uav_simulator/Utils/uav_utils) by extension 'ros'
[0.085s] DEBUG:colcon.colcon_core.package_identification:Package 'uav_simulator/Utils/uav_utils' with type 'ros.catkin' and name 'uav_utils'
[0.085s] Level 1:colcon.colcon_core.package_identification:_identify(uav_simulator/Utils/waypoint_generator) by extensions ['ignore', 'ignore_ament_install']
[0.085s] Level 1:colcon.colcon_core.package_identification:_identify(uav_simulator/Utils/waypoint_generator) by extension 'ignore'
[0.085s] Level 1:colcon.colcon_core.package_identification:_identify(uav_simulator/Utils/waypoint_generator) by extension 'ignore_ament_install'
[0.085s] Level 1:colcon.colcon_core.package_identification:_identify(uav_simulator/Utils/waypoint_generator) by extensions ['colcon_pkg']
[0.085s] Level 1:colcon.colcon_core.package_identification:_identify(uav_simulator/Utils/waypoint_generator) by extension 'colcon_pkg'
[0.085s] Level 1:colcon.colcon_core.package_identification:_identify(uav_simulator/Utils/waypoint_generator) by extensions ['colcon_meta']
[0.085s] Level 1:colcon.colcon_core.package_identification:_identify(uav_simulator/Utils/waypoint_generator) by extension 'colcon_meta'
[0.085s] Level 1:colcon.colcon_core.package_identification:_identify(uav_simulator/Utils/waypoint_generator) by extensions ['ros']
[0.085s] Level 1:colcon.colcon_core.package_identification:_identify(uav_simulator/Utils/waypoint_generator) by extension 'ros'
[0.085s] DEBUG:colcon.colcon_core.package_identification:Package 'uav_simulator/Utils/waypoint_generator' with type 'ros.catkin' and name 'waypoint_generator'
[0.085s] Level 1:colcon.colcon_core.package_identification:_identify(uav_simulator/local_sensing) by extensions ['ignore', 'ignore_ament_install']
[0.085s] Level 1:colcon.colcon_core.package_identification:_identify(uav_simulator/local_sensing) by extension 'ignore'
[0.085s] Level 1:colcon.colcon_core.package_identification:_identify(uav_simulator/local_sensing) by extension 'ignore_ament_install'
[0.085s] Level 1:colcon.colcon_core.package_identification:_identify(uav_simulator/local_sensing) by extensions ['colcon_pkg']
[0.085s] Level 1:colcon.colcon_core.package_identification:_identify(uav_simulator/local_sensing) by extension 'colcon_pkg'
[0.085s] Level 1:colcon.colcon_core.package_identification:_identify(uav_simulator/local_sensing) by extensions ['colcon_meta']
[0.085s] Level 1:colcon.colcon_core.package_identification:_identify(uav_simulator/local_sensing) by extension 'colcon_meta'
[0.085s] Level 1:colcon.colcon_core.package_identification:_identify(uav_simulator/local_sensing) by extensions ['ros']
[0.085s] Level 1:colcon.colcon_core.package_identification:_identify(uav_simulator/local_sensing) by extension 'ros'
[0.085s] DEBUG:colcon.colcon_core.package_identification:Package 'uav_simulator/local_sensing' with type 'ros.catkin' and name 'local_sensing_node'
[0.086s] Level 1:colcon.colcon_core.package_identification:_identify(uav_simulator/map_generator) by extensions ['ignore', 'ignore_ament_install']
[0.086s] Level 1:colcon.colcon_core.package_identification:_identify(uav_simulator/map_generator) by extension 'ignore'
[0.086s] Level 1:colcon.colcon_core.package_identification:_identify(uav_simulator/map_generator) by extension 'ignore_ament_install'
[0.086s] Level 1:colcon.colcon_core.package_identification:_identify(uav_simulator/map_generator) by extensions ['colcon_pkg']
[0.086s] Level 1:colcon.colcon_core.package_identification:_identify(uav_simulator/map_generator) by extension 'colcon_pkg'
[0.086s] Level 1:colcon.colcon_core.package_identification:_identify(uav_simulator/map_generator) by extensions ['colcon_meta']
[0.086s] Level 1:colcon.colcon_core.package_identification:_identify(uav_simulator/map_generator) by extension 'colcon_meta'
[0.086s] Level 1:colcon.colcon_core.package_identification:_identify(uav_simulator/map_generator) by extensions ['ros']
[0.086s] Level 1:colcon.colcon_core.package_identification:_identify(uav_simulator/map_generator) by extension 'ros'
[0.086s] DEBUG:colcon.colcon_core.package_identification:Package 'uav_simulator/map_generator' with type 'ros.catkin' and name 'map_generator'
[0.086s] Level 1:colcon.colcon_core.package_identification:_identify(uav_simulator/so3_control) by extensions ['ignore', 'ignore_ament_install']
[0.086s] Level 1:colcon.colcon_core.package_identification:_identify(uav_simulator/so3_control) by extension 'ignore'
[0.086s] Level 1:colcon.colcon_core.package_identification:_identify(uav_simulator/so3_control) by extension 'ignore_ament_install'
[0.086s] Level 1:colcon.colcon_core.package_identification:_identify(uav_simulator/so3_control) by extensions ['colcon_pkg']
[0.086s] Level 1:colcon.colcon_core.package_identification:_identify(uav_simulator/so3_control) by extension 'colcon_pkg'
[0.086s] Level 1:colcon.colcon_core.package_identification:_identify(uav_simulator/so3_control) by extensions ['colcon_meta']
[0.086s] Level 1:colcon.colcon_core.package_identification:_identify(uav_simulator/so3_control) by extension 'colcon_meta'
[0.086s] Level 1:colcon.colcon_core.package_identification:_identify(uav_simulator/so3_control) by extensions ['ros']
[0.086s] Level 1:colcon.colcon_core.package_identification:_identify(uav_simulator/so3_control) by extension 'ros'
[0.087s] DEBUG:colcon.colcon_core.package_identification:Package 'uav_simulator/so3_control' with type 'ros.catkin' and name 'so3_control'
[0.087s] Level 1:colcon.colcon_core.package_identification:_identify(uav_simulator/so3_disturbance_generator) by extensions ['ignore', 'ignore_ament_install']
[0.087s] Level 1:colcon.colcon_core.package_identification:_identify(uav_simulator/so3_disturbance_generator) by extension 'ignore'
[0.087s] Level 1:colcon.colcon_core.package_identification:_identify(uav_simulator/so3_disturbance_generator) by extension 'ignore_ament_install'
[0.087s] Level 1:colcon.colcon_core.package_identification:_identify(uav_simulator/so3_disturbance_generator) by extensions ['colcon_pkg']
[0.087s] Level 1:colcon.colcon_core.package_identification:_identify(uav_simulator/so3_disturbance_generator) by extension 'colcon_pkg'
[0.087s] Level 1:colcon.colcon_core.package_identification:_identify(uav_simulator/so3_disturbance_generator) by extensions ['colcon_meta']
[0.087s] Level 1:colcon.colcon_core.package_identification:_identify(uav_simulator/so3_disturbance_generator) by extension 'colcon_meta'
[0.087s] Level 1:colcon.colcon_core.package_identification:_identify(uav_simulator/so3_disturbance_generator) by extensions ['ros']
[0.087s] Level 1:colcon.colcon_core.package_identification:_identify(uav_simulator/so3_disturbance_generator) by extension 'ros'
[0.087s] DEBUG:colcon.colcon_core.package_identification:Package 'uav_simulator/so3_disturbance_generator' with type 'ros.catkin' and name 'so3_disturbance_generator'
[0.087s] Level 1:colcon.colcon_core.package_identification:_identify(uav_simulator/so3_quadrotor_simulator) by extensions ['ignore', 'ignore_ament_install']
[0.087s] Level 1:colcon.colcon_core.package_identification:_identify(uav_simulator/so3_quadrotor_simulator) by extension 'ignore'
[0.087s] Level 1:colcon.colcon_core.package_identification:_identify(uav_simulator/so3_quadrotor_simulator) by extension 'ignore_ament_install'
[0.087s] Level 1:colcon.colcon_core.package_identification:_identify(uav_simulator/so3_quadrotor_simulator) by extensions ['colcon_pkg']
[0.087s] Level 1:colcon.colcon_core.package_identification:_identify(uav_simulator/so3_quadrotor_simulator) by extension 'colcon_pkg'
[0.087s] Level 1:colcon.colcon_core.package_identification:_identify(uav_simulator/so3_quadrotor_simulator) by extensions ['colcon_meta']
[0.087s] Level 1:colcon.colcon_core.package_identification:_identify(uav_simulator/so3_quadrotor_simulator) by extension 'colcon_meta'
[0.087s] Level 1:colcon.colcon_core.package_identification:_identify(uav_simulator/so3_quadrotor_simulator) by extensions ['ros']
[0.087s] Level 1:colcon.colcon_core.package_identification:_identify(uav_simulator/so3_quadrotor_simulator) by extension 'ros'
[0.088s] DEBUG:colcon.colcon_core.package_identification:Package 'uav_simulator/so3_quadrotor_simulator' with type 'ros.catkin' and name 'so3_quadrotor_simulator'
[0.088s] Level 1:colcon.colcon_core.package_discovery:discover_packages(recursive) using defaults
[0.088s] Level 1:colcon.colcon_core.package_discovery:discover_packages(ignore) discover
[0.088s] Level 1:colcon.colcon_core.package_discovery:discover_packages(ignore) using defaults
[0.088s] Level 1:colcon.colcon_core.package_discovery:discover_packages(path) discover
[0.088s] Level 1:colcon.colcon_core.package_discovery:discover_packages(path) using defaults
[0.088s] WARNING:colcon.colcon_core.package_selection:ignoring unknown package 'bspline_opt' in --packages-select
[0.097s] INFO:colcon.colcon_core.package_selection:Skipping not selected package 'bspline' in 'fast_planner/bspline'
[0.097s] INFO:colcon.colcon_core.package_selection:Skipping not selected package 'bspline' in 'fast_planner/bspline_opt'
[0.097s] INFO:colcon.colcon_core.package_selection:Skipping not selected package 'cmake_utils' in 'uav_simulator/Utils/cmake_utils'
[0.097s] INFO:colcon.colcon_core.package_selection:Skipping not selected package 'map_generator' in 'uav_simulator/map_generator'
[0.097s] INFO:colcon.colcon_core.package_selection:Skipping not selected package 'plan_env' in 'fast_planner/plan_env'
[0.097s] INFO:colcon.colcon_core.package_selection:Skipping not selected package 'poly_traj' in 'fast_planner/poly_traj'
[0.097s] INFO:colcon.colcon_core.package_selection:Skipping not selected package 'pose_utils' in 'uav_simulator/Utils/pose_utils'
[0.097s] INFO:colcon.colcon_core.package_selection:Skipping not selected package 'quadrotor_msgs' in 'uav_simulator/Utils/quadrotor_msgs'
[0.097s] INFO:colcon.colcon_core.package_selection:Skipping not selected package 'waypoint_generator' in 'uav_simulator/Utils/waypoint_generator'
[0.097s] INFO:colcon.colcon_core.package_selection:Skipping not selected package 'local_sensing_node' in 'uav_simulator/local_sensing'
[0.097s] INFO:colcon.colcon_core.package_selection:Skipping not selected package 'multi_map_server' in 'uav_simulator/Utils/multi_map_server'
[0.097s] INFO:colcon.colcon_core.package_selection:Skipping not selected package 'odom_visualization' in 'uav_simulator/Utils/odom_visualization'
[0.097s] INFO:colcon.colcon_core.package_selection:Skipping not selected package 'path_searching' in 'fast_planner/path_searching'
[0.097s] INFO:colcon.colcon_core.package_selection:Skipping not selected package 'so3_control' in 'uav_simulator/so3_control'
[0.098s] INFO:colcon.colcon_core.package_selection:Skipping not selected package 'so3_disturbance_generator' in 'uav_simulator/so3_disturbance_generator'
[0.098s] INFO:colcon.colcon_core.package_selection:Skipping not selected package 'uav_utils' in 'uav_simulator/Utils/uav_utils'
[0.098s] INFO:colcon.colcon_core.package_selection:Skipping not selected package 'rviz_plugins' in 'uav_simulator/Utils/rviz_plugins'
[0.098s] INFO:colcon.colcon_core.package_selection:Skipping not selected package 'so3_quadrotor_simulator' in 'uav_simulator/so3_quadrotor_simulator'
[0.098s] INFO:colcon.colcon_core.package_selection:Skipping not selected package 'traj_utils' in 'fast_planner/traj_utils'
[0.098s] INFO:colcon.colcon_core.package_selection:Skipping not selected package 'plan_manage' in 'fast_planner/plan_manage'
[0.098s] Level 1:colcon.colcon_core.package_discovery:discover_packages(prefix_path) check parameters
[0.098s] Level 1:colcon.colcon_core.package_discovery:discover_packages(prefix_path) discover
[0.099s] DEBUG:colcon.colcon_installed_package_information.package_discovery:Found 285 installed packages in /opt/ros/humble
[0.099s] Level 1:colcon.colcon_core.package_discovery:discover_packages(prefix_path) using defaults
[0.118s] INFO:colcon.colcon_core.executor:Executing jobs using 'parallel' executor
[0.118s] DEBUG:colcon.colcon_parallel_executor.executor.parallel:run_until_complete
[0.119s] DEBUG:colcon.colcon_parallel_executor.executor.parallel:closing loop
[0.119s] DEBUG:colcon.colcon_parallel_executor.executor.parallel:loop closed
[0.119s] DEBUG:colcon.colcon_parallel_executor.executor.parallel:run_until_complete finished with '0'
[0.119s] DEBUG:colcon.colcon_core.event_reactor:joining thread
[0.121s] INFO:colcon.colcon_core.plugin_system:Skipping extension 'colcon_notification.desktop_notification.terminal_notifier': Not used on non-Darwin systems
[0.121s] INFO:colcon.colcon_core.plugin_system:Skipping extension 'colcon_notification.desktop_notification.win32': Not used on non-Windows systems
[0.121s] INFO:colcon.colcon_notification.desktop_notification:Sending desktop notification using 'notify2'
[0.127s] DEBUG:colcon.colcon_core.event_reactor:joined thread
[0.128s] INFO:colcon.colcon_core.plugin_system:Skipping extension 'colcon_core.shell.bat': Not used on non-Windows systems
[0.128s] INFO:colcon.colcon_core.shell:Creating prefix script '/home/rohan908/Documents/ACP/NMPC/src/ros2_fast_planner/Fast-Planner-ROS2-Humble/install/local_setup.ps1'
[0.128s] INFO:colcon.colcon_core.shell:Creating prefix util module '/home/rohan908/Documents/ACP/NMPC/src/ros2_fast_planner/Fast-Planner-ROS2-Humble/install/_local_setup_util_ps1.py'
[0.129s] INFO:colcon.colcon_core.shell:Creating prefix chain script '/home/rohan908/Documents/ACP/NMPC/src/ros2_fast_planner/Fast-Planner-ROS2-Humble/install/setup.ps1'
[0.129s] INFO:colcon.colcon_core.shell:Creating prefix script '/home/rohan908/Documents/ACP/NMPC/src/ros2_fast_planner/Fast-Planner-ROS2-Humble/install/local_setup.sh'
[0.130s] INFO:colcon.colcon_core.shell:Creating prefix util module '/home/rohan908/Documents/ACP/NMPC/src/ros2_fast_planner/Fast-Planner-ROS2-Humble/install/_local_setup_util_sh.py'
[0.131s] INFO:colcon.colcon_core.shell:Creating prefix chain script '/home/rohan908/Documents/ACP/NMPC/src/ros2_fast_planner/Fast-Planner-ROS2-Humble/install/setup.sh'
[0.131s] INFO:colcon.colcon_core.shell:Creating prefix script '/home/rohan908/Documents/ACP/NMPC/src/ros2_fast_planner/Fast-Planner-ROS2-Humble/install/local_setup.bash'
[0.132s] INFO:colcon.colcon_core.shell:Creating prefix chain script '/home/rohan908/Documents/ACP/NMPC/src/ros2_fast_planner/Fast-Planner-ROS2-Humble/install/setup.bash'
[0.132s] INFO:colcon.colcon_core.shell:Creating prefix script '/home/rohan908/Documents/ACP/NMPC/src/ros2_fast_planner/Fast-Planner-ROS2-Humble/install/local_setup.zsh'
[0.132s] INFO:colcon.colcon_core.shell:Creating prefix chain script '/home/rohan908/Documents/ACP/NMPC/src/ros2_fast_planner/Fast-Planner-ROS2-Humble/install/setup.zsh'
