-- Found ament_cmake: 1.3.12 (/opt/ros/humble/share/ament_cmake/cmake)
-- Found eigen3_cmake_module: 0.1.1 (/opt/ros/humble/share/eigen3_cmake_module/cmake)
-- Found rclcpp: 16.0.15 (/opt/ros/humble/share/rclcpp/cmake)
-- Found rosidl_generator_c: 3.1.7 (/opt/ros/humble/share/rosidl_generator_c/cmake)
-- Found rosidl_adapter: 3.1.7 (/opt/ros/humble/share/rosidl_adapter/cmake)
-- Found rosidl_generator_cpp: 3.1.7 (/opt/ros/humble/share/rosidl_generator_cpp/cmake)
-- Using all available rosidl_typesupport_c: rosidl_typesupport_fastrtps_c;rosidl_typesupport_introspection_c
-- Using all available rosidl_typesupport_cpp: rosidl_typesupport_fastrtps_cpp;rosidl_typesupport_introspection_cpp
-- Found rmw_implementation_cmake: 6.1.2 (/opt/ros/humble/share/rmw_implementation_cmake/cmake)
-- Found rmw_fastrtps_cpp: 6.2.8 (/opt/ros/humble/share/rmw_fastrtps_cpp/cmake)
-- Using RMW implementation 'rmw_fastrtps_cpp' as default
-- Configuring done
-- Generating done
-- Build files have been written to: /home/rohan908/Documents/ACP/NMPC/src/ros2_fast_planner/Fast-Planner-ROS2-Humble/build/bspline
[ 50%] [32mBuilding CXX object CMakeFiles/bspline.dir/src/non_uniform_bspline.cpp.o[0m
[100%] [32m[1mLinking CXX static library libbspline.a[0m
[100%] Built target bspline
-- Install configuration: ""
-- Installing: /home/rohan908/Documents/ACP/NMPC/src/ros2_fast_planner/Fast-Planner-ROS2-Humble/install/bspline/lib/libbspline.a
-- Installing: /home/rohan908/Documents/ACP/NMPC/src/ros2_fast_planner/Fast-Planner-ROS2-Humble/install/bspline/include
-- Installing: /home/rohan908/Documents/ACP/NMPC/src/ros2_fast_planner/Fast-Planner-ROS2-Humble/install/bspline/include/bspline
-- Installing: /home/rohan908/Documents/ACP/NMPC/src/ros2_fast_planner/Fast-Planner-ROS2-Humble/install/bspline/include/bspline/non_uniform_bspline.h
-- Installing: /home/rohan908/Documents/ACP/NMPC/src/ros2_fast_planner/Fast-Planner-ROS2-Humble/install/bspline/share/ament_index/resource_index/package_run_dependencies/bspline
-- Installing: /home/rohan908/Documents/ACP/NMPC/src/ros2_fast_planner/Fast-Planner-ROS2-Humble/install/bspline/share/ament_index/resource_index/parent_prefix_path/bspline
-- Installing: /home/rohan908/Documents/ACP/NMPC/src/ros2_fast_planner/Fast-Planner-ROS2-Humble/install/bspline/share/bspline/environment/ament_prefix_path.sh
-- Installing: /home/rohan908/Documents/ACP/NMPC/src/ros2_fast_planner/Fast-Planner-ROS2-Humble/install/bspline/share/bspline/environment/ament_prefix_path.dsv
-- Installing: /home/rohan908/Documents/ACP/NMPC/src/ros2_fast_planner/Fast-Planner-ROS2-Humble/install/bspline/share/bspline/environment/path.sh
-- Installing: /home/rohan908/Documents/ACP/NMPC/src/ros2_fast_planner/Fast-Planner-ROS2-Humble/install/bspline/share/bspline/environment/path.dsv
-- Installing: /home/rohan908/Documents/ACP/NMPC/src/ros2_fast_planner/Fast-Planner-ROS2-Humble/install/bspline/share/bspline/local_setup.bash
-- Installing: /home/rohan908/Documents/ACP/NMPC/src/ros2_fast_planner/Fast-Planner-ROS2-Humble/install/bspline/share/bspline/local_setup.sh
-- Installing: /home/rohan908/Documents/ACP/NMPC/src/ros2_fast_planner/Fast-Planner-ROS2-Humble/install/bspline/share/bspline/local_setup.zsh
-- Installing: /home/rohan908/Documents/ACP/NMPC/src/ros2_fast_planner/Fast-Planner-ROS2-Humble/install/bspline/share/bspline/local_setup.dsv
-- Installing: /home/rohan908/Documents/ACP/NMPC/src/ros2_fast_planner/Fast-Planner-ROS2-Humble/install/bspline/share/bspline/package.dsv
-- Installing: /home/rohan908/Documents/ACP/NMPC/src/ros2_fast_planner/Fast-Planner-ROS2-Humble/install/bspline/share/ament_index/resource_index/packages/bspline
-- Installing: /home/rohan908/Documents/ACP/NMPC/src/ros2_fast_planner/Fast-Planner-ROS2-Humble/install/bspline/share/bspline/cmake/bsplineConfig.cmake
-- Installing: /home/rohan908/Documents/ACP/NMPC/src/ros2_fast_planner/Fast-Planner-ROS2-Humble/install/bspline/share/bspline/cmake/bsplineConfig-version.cmake
-- Installing: /home/rohan908/Documents/ACP/NMPC/src/ros2_fast_planner/Fast-Planner-ROS2-Humble/install/bspline/share/bspline/package.xml
