[0.003s] Invoking command in '/home/rohan908/Documents/ACP/NMPC/src/ros2_fast_planner/Fast-Planner-ROS2-Humble/build/bspline': /usr/bin/cmake /home/rohan908/Documents/ACP/NMPC/src/ros2_fast_planner/Fast-Planner-ROS2-Humble/fast_planner/bspline -DCATKIN_INSTALL_INTO_PREFIX_ROOT=0 -DCMAKE_INSTALL_PREFIX=/home/rohan908/Documents/ACP/NMPC/src/ros2_fast_planner/Fast-Planner-ROS2-Humble/install/bspline
[0.011s] -- Found ament_cmake: 1.3.12 (/opt/ros/humble/share/ament_cmake/cmake)
[0.076s] -- Found eigen3_cmake_module: 0.1.1 (/opt/ros/humble/share/eigen3_cmake_module/cmake)
[0.077s] -- Found rclcpp: 16.0.15 (/opt/ros/humble/share/rclcpp/cmake)
[0.090s] -- Found rosidl_generator_c: 3.1.7 (/opt/ros/humble/share/rosidl_generator_c/cmake)
[0.091s] -- Found rosidl_adapter: 3.1.7 (/opt/ros/humble/share/rosidl_adapter/cmake)
[0.094s] -- Found rosidl_generator_cpp: 3.1.7 (/opt/ros/humble/share/rosidl_generator_cpp/cmake)
[0.098s] -- Using all available rosidl_typesupport_c: rosidl_typesupport_fastrtps_c;rosidl_typesupport_introspection_c
[0.103s] -- Using all available rosidl_typesupport_cpp: rosidl_typesupport_fastrtps_cpp;rosidl_typesupport_introspection_cpp
[0.118s] -- Found rmw_implementation_cmake: 6.1.2 (/opt/ros/humble/share/rmw_implementation_cmake/cmake)
[0.119s] -- Found rmw_fastrtps_cpp: 6.2.8 (/opt/ros/humble/share/rmw_fastrtps_cpp/cmake)
[0.166s] -- Using RMW implementation 'rmw_fastrtps_cpp' as default
[0.219s] -- Configuring done
[0.222s] -- Generating done
[0.223s] -- Build files have been written to: /home/rohan908/Documents/ACP/NMPC/src/ros2_fast_planner/Fast-Planner-ROS2-Humble/build/bspline
[0.229s] Invoked command in '/home/rohan908/Documents/ACP/NMPC/src/ros2_fast_planner/Fast-Planner-ROS2-Humble/build/bspline' returned '0': /usr/bin/cmake /home/rohan908/Documents/ACP/NMPC/src/ros2_fast_planner/Fast-Planner-ROS2-Humble/fast_planner/bspline -DCATKIN_INSTALL_INTO_PREFIX_ROOT=0 -DCMAKE_INSTALL_PREFIX=/home/rohan908/Documents/ACP/NMPC/src/ros2_fast_planner/Fast-Planner-ROS2-Humble/install/bspline
[0.229s] Invoking command in '/home/rohan908/Documents/ACP/NMPC/src/ros2_fast_planner/Fast-Planner-ROS2-Humble/build/bspline': /usr/bin/cmake --build /home/rohan908/Documents/ACP/NMPC/src/ros2_fast_planner/Fast-Planner-ROS2-Humble/build/bspline -- -j20 -l20
[0.263s] [ 50%] [32mBuilding CXX object CMakeFiles/bspline.dir/src/non_uniform_bspline.cpp.o[0m
[4.286s] [100%] [32m[1mLinking CXX static library libbspline.a[0m
[4.399s] [100%] Built target bspline
[4.405s] Invoked command in '/home/rohan908/Documents/ACP/NMPC/src/ros2_fast_planner/Fast-Planner-ROS2-Humble/build/bspline' returned '0': /usr/bin/cmake --build /home/rohan908/Documents/ACP/NMPC/src/ros2_fast_planner/Fast-Planner-ROS2-Humble/build/bspline -- -j20 -l20
[4.410s] Invoking command in '/home/rohan908/Documents/ACP/NMPC/src/ros2_fast_planner/Fast-Planner-ROS2-Humble/build/bspline': /usr/bin/cmake --install /home/rohan908/Documents/ACP/NMPC/src/ros2_fast_planner/Fast-Planner-ROS2-Humble/build/bspline
[4.413s] -- Install configuration: ""
[4.413s] -- Installing: /home/rohan908/Documents/ACP/NMPC/src/ros2_fast_planner/Fast-Planner-ROS2-Humble/install/bspline/lib/libbspline.a
[4.417s] -- Installing: /home/rohan908/Documents/ACP/NMPC/src/ros2_fast_planner/Fast-Planner-ROS2-Humble/install/bspline/include
[4.417s] -- Installing: /home/rohan908/Documents/ACP/NMPC/src/ros2_fast_planner/Fast-Planner-ROS2-Humble/install/bspline/include/bspline
[4.417s] -- Installing: /home/rohan908/Documents/ACP/NMPC/src/ros2_fast_planner/Fast-Planner-ROS2-Humble/install/bspline/include/bspline/non_uniform_bspline.h
[4.417s] -- Installing: /home/rohan908/Documents/ACP/NMPC/src/ros2_fast_planner/Fast-Planner-ROS2-Humble/install/bspline/share/ament_index/resource_index/package_run_dependencies/bspline
[4.417s] -- Installing: /home/rohan908/Documents/ACP/NMPC/src/ros2_fast_planner/Fast-Planner-ROS2-Humble/install/bspline/share/ament_index/resource_index/parent_prefix_path/bspline
[4.417s] -- Installing: /home/rohan908/Documents/ACP/NMPC/src/ros2_fast_planner/Fast-Planner-ROS2-Humble/install/bspline/share/bspline/environment/ament_prefix_path.sh
[4.417s] -- Installing: /home/rohan908/Documents/ACP/NMPC/src/ros2_fast_planner/Fast-Planner-ROS2-Humble/install/bspline/share/bspline/environment/ament_prefix_path.dsv
[4.417s] -- Installing: /home/rohan908/Documents/ACP/NMPC/src/ros2_fast_planner/Fast-Planner-ROS2-Humble/install/bspline/share/bspline/environment/path.sh
[4.417s] -- Installing: /home/rohan908/Documents/ACP/NMPC/src/ros2_fast_planner/Fast-Planner-ROS2-Humble/install/bspline/share/bspline/environment/path.dsv
[4.417s] -- Installing: /home/rohan908/Documents/ACP/NMPC/src/ros2_fast_planner/Fast-Planner-ROS2-Humble/install/bspline/share/bspline/local_setup.bash
[4.417s] -- Installing: /home/rohan908/Documents/ACP/NMPC/src/ros2_fast_planner/Fast-Planner-ROS2-Humble/install/bspline/share/bspline/local_setup.sh
[4.417s] -- Installing: /home/rohan908/Documents/ACP/NMPC/src/ros2_fast_planner/Fast-Planner-ROS2-Humble/install/bspline/share/bspline/local_setup.zsh
[4.417s] -- Installing: /home/rohan908/Documents/ACP/NMPC/src/ros2_fast_planner/Fast-Planner-ROS2-Humble/install/bspline/share/bspline/local_setup.dsv
[4.417s] -- Installing: /home/rohan908/Documents/ACP/NMPC/src/ros2_fast_planner/Fast-Planner-ROS2-Humble/install/bspline/share/bspline/package.dsv
[4.417s] -- Installing: /home/rohan908/Documents/ACP/NMPC/src/ros2_fast_planner/Fast-Planner-ROS2-Humble/install/bspline/share/ament_index/resource_index/packages/bspline
[4.417s] -- Installing: /home/rohan908/Documents/ACP/NMPC/src/ros2_fast_planner/Fast-Planner-ROS2-Humble/install/bspline/share/bspline/cmake/bsplineConfig.cmake
[4.417s] -- Installing: /home/rohan908/Documents/ACP/NMPC/src/ros2_fast_planner/Fast-Planner-ROS2-Humble/install/bspline/share/bspline/cmake/bsplineConfig-version.cmake
[4.418s] -- Installing: /home/rohan908/Documents/ACP/NMPC/src/ros2_fast_planner/Fast-Planner-ROS2-Humble/install/bspline/share/bspline/package.xml
[4.418s] Invoked command in '/home/rohan908/Documents/ACP/NMPC/src/ros2_fast_planner/Fast-Planner-ROS2-Humble/build/bspline' returned '0': /usr/bin/cmake --install /home/rohan908/Documents/ACP/NMPC/src/ros2_fast_planner/Fast-Planner-ROS2-Humble/build/bspline
