[0.004s] Invoking command in '/home/rohan908/Documents/ACP/NMPC/src/ros2_fast_planner/Fast-Planner-ROS2-Humble/build/bspline_opt': /usr/bin/cmake --build /home/rohan908/Documents/ACP/NMPC/src/ros2_fast_planner/Fast-Planner-ROS2-Humble/build/bspline_opt -- -j20 -l20
[0.020s] -- Found ament_cmake: 1.3.12 (/opt/ros/humble/share/ament_cmake/cmake)
[0.078s] -- Found eigen3_cmake_module: 0.1.1 (/opt/ros/humble/share/eigen3_cmake_module/cmake)
[0.083s] [31mCMake Error at CMakeLists.txt:11 (find_package):
[0.083s]   By not providing "Findplan_env.cmake" in CMAKE_MODULE_PATH this project has
[0.083s]   asked CMake to find a package configuration file provided by "plan_env",
[0.083s]   but CMake did not find one.
[0.083s] 
[0.083s]   Could not find a package configuration file provided by "plan_env" with any
[0.083s]   of the following names:
[0.083s] 
[0.083s]     plan_envConfig.cmake
[0.083s]     plan_env-config.cmake
[0.083s] 
[0.083s]   Add the installation prefix of "plan_env" to CMAKE_PREFIX_PATH or set
[0.083s]   "plan_env_DIR" to a directory containing one of the above files.  If
[0.083s]   "plan_env" provides a separate development package or SDK, be sure it has
[0.083s]   been installed.
[0.083s] 
[0.083s] [0m
[0.084s] -- Configuring incomplete, errors occurred!
[0.084s] See also "/home/rohan908/Documents/ACP/NMPC/src/ros2_fast_planner/Fast-Planner-ROS2-Humble/build/bspline_opt/CMakeFiles/CMakeOutput.log".
[0.085s] gmake: *** [Makefile:267: cmake_check_build_system] Error 1
[0.086s] Invoked command in '/home/rohan908/Documents/ACP/NMPC/src/ros2_fast_planner/Fast-Planner-ROS2-Humble/build/bspline_opt' returned '2': /usr/bin/cmake --build /home/rohan908/Documents/ACP/NMPC/src/ros2_fast_planner/Fast-Planner-ROS2-Humble/build/bspline_opt -- -j20 -l20
