[0.000000] (-) TimerEvent: {}
[0.000083] (-) JobUnselected: {'identifier': 'bspline'}
[0.000098] (-) JobUnselected: {'identifier': 'bspline'}
[0.000105] (-) JobUnselected: {'identifier': 'cmake_utils'}
[0.000111] (-) JobUnselected: {'identifier': 'local_sensing_node'}
[0.000116] (-) JobUnselected: {'identifier': 'map_generator'}
[0.000121] (-) JobUnselected: {'identifier': 'multi_map_server'}
[0.000126] (-) JobUnselected: {'identifier': 'odom_visualization'}
[0.000131] (-) JobUnselected: {'identifier': 'path_searching'}
[0.000136] (-) JobUnselected: {'identifier': 'plan_env'}
[0.000140] (-) JobUnselected: {'identifier': 'plan_manage'}
[0.000145] (-) JobUnselected: {'identifier': 'poly_traj'}
[0.000150] (-) JobUnselected: {'identifier': 'pose_utils'}
[0.000155] (-) JobUnselected: {'identifier': 'quadrotor_msgs'}
[0.000159] (-) JobUnselected: {'identifier': 'rviz_plugins'}
[0.000164] (-) JobUnselected: {'identifier': 'so3_control'}
[0.000169] (-) JobUnselected: {'identifier': 'so3_disturbance_generator'}
[0.000173] (-) JobUnselected: {'identifier': 'so3_quadrotor_simulator'}
[0.000178] (-) JobUnselected: {'identifier': 'traj_utils'}
[0.000183] (-) JobUnselected: {'identifier': 'uav_utils'}
[0.000187] (-) JobUnselected: {'identifier': 'waypoint_generator'}
[0.000385] (-) EventReactorShutdown: {}
