[35m[1mConsolidate compiler generated dependencies of target bspline_opt[0m
[ 50%] [32mBuilding CXX object CMakeFiles/bspline_opt.dir/src/bspline_optimizer.cpp.o[0m
[100%] [32m[1mLinking CXX static library libbspline_opt.a[0m
[100%] Built target bspline_opt
-- Install configuration: ""
-- Installing: /home/rohan908/Documents/ACP/NMPC/src/ros2_fast_planner/Fast-Planner-ROS2-Humble/install/bspline_opt/lib/libbspline_opt.a
-- Installing: /home/rohan908/Documents/ACP/NMPC/src/ros2_fast_planner/Fast-Planner-ROS2-Humble/install/bspline_opt/include
-- Installing: /home/rohan908/Documents/ACP/NMPC/src/ros2_fast_planner/Fast-Planner-ROS2-Humble/install/bspline_opt/include/bspline_opt
-- Installing: /home/rohan908/Documents/ACP/NMPC/src/ros2_fast_planner/Fast-Planner-ROS2-Humble/install/bspline_opt/include/bspline_opt/bspline_optimizer.h
-- Installing: /home/rohan908/Documents/ACP/NMPC/src/ros2_fast_planner/Fast-Planner-ROS2-Humble/install/bspline_opt/share/ament_index/resource_index/package_run_dependencies/bspline_opt
-- Installing: /home/rohan908/Documents/ACP/NMPC/src/ros2_fast_planner/Fast-Planner-ROS2-Humble/install/bspline_opt/share/ament_index/resource_index/parent_prefix_path/bspline_opt
-- Installing: /home/rohan908/Documents/ACP/NMPC/src/ros2_fast_planner/Fast-Planner-ROS2-Humble/install/bspline_opt/share/bspline_opt/environment/ament_prefix_path.sh
-- Installing: /home/rohan908/Documents/ACP/NMPC/src/ros2_fast_planner/Fast-Planner-ROS2-Humble/install/bspline_opt/share/bspline_opt/environment/ament_prefix_path.dsv
-- Installing: /home/rohan908/Documents/ACP/NMPC/src/ros2_fast_planner/Fast-Planner-ROS2-Humble/install/bspline_opt/share/bspline_opt/environment/path.sh
-- Installing: /home/rohan908/Documents/ACP/NMPC/src/ros2_fast_planner/Fast-Planner-ROS2-Humble/install/bspline_opt/share/bspline_opt/environment/path.dsv
-- Installing: /home/rohan908/Documents/ACP/NMPC/src/ros2_fast_planner/Fast-Planner-ROS2-Humble/install/bspline_opt/share/bspline_opt/local_setup.bash
-- Installing: /home/rohan908/Documents/ACP/NMPC/src/ros2_fast_planner/Fast-Planner-ROS2-Humble/install/bspline_opt/share/bspline_opt/local_setup.sh
-- Installing: /home/rohan908/Documents/ACP/NMPC/src/ros2_fast_planner/Fast-Planner-ROS2-Humble/install/bspline_opt/share/bspline_opt/local_setup.zsh
-- Installing: /home/rohan908/Documents/ACP/NMPC/src/ros2_fast_planner/Fast-Planner-ROS2-Humble/install/bspline_opt/share/bspline_opt/local_setup.dsv
-- Installing: /home/rohan908/Documents/ACP/NMPC/src/ros2_fast_planner/Fast-Planner-ROS2-Humble/install/bspline_opt/share/bspline_opt/package.dsv
-- Installing: /home/rohan908/Documents/ACP/NMPC/src/ros2_fast_planner/Fast-Planner-ROS2-Humble/install/bspline_opt/share/ament_index/resource_index/packages/bspline_opt
-- Installing: /home/rohan908/Documents/ACP/NMPC/src/ros2_fast_planner/Fast-Planner-ROS2-Humble/install/bspline_opt/share/bspline_opt/cmake/bspline_optConfig.cmake
-- Installing: /home/rohan908/Documents/ACP/NMPC/src/ros2_fast_planner/Fast-Planner-ROS2-Humble/install/bspline_opt/share/bspline_opt/cmake/bspline_optConfig-version.cmake
-- Installing: /home/rohan908/Documents/ACP/NMPC/src/ros2_fast_planner/Fast-Planner-ROS2-Humble/install/bspline_opt/share/bspline_opt/package.xml
