[0.004s] Invoking command in '/home/rohan908/Documents/ACP/NMPC/src/ros2_fast_planner/Fast-Planner-ROS2-Humble/build/bspline_opt': CMAKE_PREFIX_PATH=/home/rohan908/Documents/ACP/NMPC/src/ros2_fast_planner/Fast-Planner-ROS2-Humble/install/plan_env PKG_CONFIG_PATH=/home/rohan908/Documents/ACP/NMPC/src/ros2_fast_planner/Fast-Planner-ROS2-Humble/install/plan_env/lib/x86_64-linux-gnu/pkgconfig:/home/rohan908/Documents/ACP/NMPC/src/ros2_fast_planner/Fast-Planner-ROS2-Humble/install/plan_env/lib/pkgconfig ROS_PACKAGE_PATH=/home/rohan908/Documents/ACP/NMPC/src/ros2_fast_planner/Fast-Planner-ROS2-Humble/install/plan_env/share /usr/bin/cmake --build /home/rohan908/Documents/ACP/NMPC/src/ros2_fast_planner/Fast-Planner-ROS2-Humble/build/bspline_opt -- -j20 -l20
[0.030s] [35m[1mConsolidate compiler generated dependencies of target bspline_opt[0m
[0.045s] [ 50%] [32mBuilding CXX object CMakeFiles/bspline_opt.dir/src/bspline_optimizer.cpp.o[0m
[3.300s] [100%] [32m[1mLinking CXX static library libbspline_opt.a[0m
[3.344s] [100%] Built target bspline_opt
[3.353s] Invoked command in '/home/rohan908/Documents/ACP/NMPC/src/ros2_fast_planner/Fast-Planner-ROS2-Humble/build/bspline_opt' returned '0': CMAKE_PREFIX_PATH=/home/rohan908/Documents/ACP/NMPC/src/ros2_fast_planner/Fast-Planner-ROS2-Humble/install/plan_env PKG_CONFIG_PATH=/home/rohan908/Documents/ACP/NMPC/src/ros2_fast_planner/Fast-Planner-ROS2-Humble/install/plan_env/lib/x86_64-linux-gnu/pkgconfig:/home/rohan908/Documents/ACP/NMPC/src/ros2_fast_planner/Fast-Planner-ROS2-Humble/install/plan_env/lib/pkgconfig ROS_PACKAGE_PATH=/home/rohan908/Documents/ACP/NMPC/src/ros2_fast_planner/Fast-Planner-ROS2-Humble/install/plan_env/share /usr/bin/cmake --build /home/rohan908/Documents/ACP/NMPC/src/ros2_fast_planner/Fast-Planner-ROS2-Humble/build/bspline_opt -- -j20 -l20
[3.354s] Invoking command in '/home/rohan908/Documents/ACP/NMPC/src/ros2_fast_planner/Fast-Planner-ROS2-Humble/build/bspline_opt': CMAKE_PREFIX_PATH=/home/rohan908/Documents/ACP/NMPC/src/ros2_fast_planner/Fast-Planner-ROS2-Humble/install/plan_env PKG_CONFIG_PATH=/home/rohan908/Documents/ACP/NMPC/src/ros2_fast_planner/Fast-Planner-ROS2-Humble/install/plan_env/lib/x86_64-linux-gnu/pkgconfig:/home/rohan908/Documents/ACP/NMPC/src/ros2_fast_planner/Fast-Planner-ROS2-Humble/install/plan_env/lib/pkgconfig ROS_PACKAGE_PATH=/home/rohan908/Documents/ACP/NMPC/src/ros2_fast_planner/Fast-Planner-ROS2-Humble/install/plan_env/share /usr/bin/cmake --install /home/rohan908/Documents/ACP/NMPC/src/ros2_fast_planner/Fast-Planner-ROS2-Humble/build/bspline_opt
[3.360s] -- Install configuration: ""
[3.360s] -- Installing: /home/rohan908/Documents/ACP/NMPC/src/ros2_fast_planner/Fast-Planner-ROS2-Humble/install/bspline_opt/lib/libbspline_opt.a
[3.360s] -- Installing: /home/rohan908/Documents/ACP/NMPC/src/ros2_fast_planner/Fast-Planner-ROS2-Humble/install/bspline_opt/include
[3.360s] -- Installing: /home/rohan908/Documents/ACP/NMPC/src/ros2_fast_planner/Fast-Planner-ROS2-Humble/install/bspline_opt/include/bspline_opt
[3.360s] -- Installing: /home/rohan908/Documents/ACP/NMPC/src/ros2_fast_planner/Fast-Planner-ROS2-Humble/install/bspline_opt/include/bspline_opt/bspline_optimizer.h
[3.360s] -- Installing: /home/rohan908/Documents/ACP/NMPC/src/ros2_fast_planner/Fast-Planner-ROS2-Humble/install/bspline_opt/share/ament_index/resource_index/package_run_dependencies/bspline_opt
[3.360s] -- Installing: /home/rohan908/Documents/ACP/NMPC/src/ros2_fast_planner/Fast-Planner-ROS2-Humble/install/bspline_opt/share/ament_index/resource_index/parent_prefix_path/bspline_opt
[3.360s] -- Installing: /home/rohan908/Documents/ACP/NMPC/src/ros2_fast_planner/Fast-Planner-ROS2-Humble/install/bspline_opt/share/bspline_opt/environment/ament_prefix_path.sh
[3.360s] -- Installing: /home/rohan908/Documents/ACP/NMPC/src/ros2_fast_planner/Fast-Planner-ROS2-Humble/install/bspline_opt/share/bspline_opt/environment/ament_prefix_path.dsv
[3.360s] -- Installing: /home/rohan908/Documents/ACP/NMPC/src/ros2_fast_planner/Fast-Planner-ROS2-Humble/install/bspline_opt/share/bspline_opt/environment/path.sh
[3.360s] -- Installing: /home/rohan908/Documents/ACP/NMPC/src/ros2_fast_planner/Fast-Planner-ROS2-Humble/install/bspline_opt/share/bspline_opt/environment/path.dsv
[3.360s] -- Installing: /home/rohan908/Documents/ACP/NMPC/src/ros2_fast_planner/Fast-Planner-ROS2-Humble/install/bspline_opt/share/bspline_opt/local_setup.bash
[3.360s] -- Installing: /home/rohan908/Documents/ACP/NMPC/src/ros2_fast_planner/Fast-Planner-ROS2-Humble/install/bspline_opt/share/bspline_opt/local_setup.sh
[3.360s] -- Installing: /home/rohan908/Documents/ACP/NMPC/src/ros2_fast_planner/Fast-Planner-ROS2-Humble/install/bspline_opt/share/bspline_opt/local_setup.zsh
[3.360s] -- Installing: /home/rohan908/Documents/ACP/NMPC/src/ros2_fast_planner/Fast-Planner-ROS2-Humble/install/bspline_opt/share/bspline_opt/local_setup.dsv
[3.360s] -- Installing: /home/rohan908/Documents/ACP/NMPC/src/ros2_fast_planner/Fast-Planner-ROS2-Humble/install/bspline_opt/share/bspline_opt/package.dsv
[3.360s] -- Installing: /home/rohan908/Documents/ACP/NMPC/src/ros2_fast_planner/Fast-Planner-ROS2-Humble/install/bspline_opt/share/ament_index/resource_index/packages/bspline_opt
[3.360s] -- Installing: /home/rohan908/Documents/ACP/NMPC/src/ros2_fast_planner/Fast-Planner-ROS2-Humble/install/bspline_opt/share/bspline_opt/cmake/bspline_optConfig.cmake
[3.360s] -- Installing: /home/rohan908/Documents/ACP/NMPC/src/ros2_fast_planner/Fast-Planner-ROS2-Humble/install/bspline_opt/share/bspline_opt/cmake/bspline_optConfig-version.cmake
[3.360s] -- Installing: /home/rohan908/Documents/ACP/NMPC/src/ros2_fast_planner/Fast-Planner-ROS2-Humble/install/bspline_opt/share/bspline_opt/package.xml
[3.361s] Invoked command in '/home/rohan908/Documents/ACP/NMPC/src/ros2_fast_planner/Fast-Planner-ROS2-Humble/build/bspline_opt' returned '0': CMAKE_PREFIX_PATH=/home/rohan908/Documents/ACP/NMPC/src/ros2_fast_planner/Fast-Planner-ROS2-Humble/install/plan_env PKG_CONFIG_PATH=/home/rohan908/Documents/ACP/NMPC/src/ros2_fast_planner/Fast-Planner-ROS2-Humble/install/plan_env/lib/x86_64-linux-gnu/pkgconfig:/home/rohan908/Documents/ACP/NMPC/src/ros2_fast_planner/Fast-Planner-ROS2-Humble/install/plan_env/lib/pkgconfig ROS_PACKAGE_PATH=/home/rohan908/Documents/ACP/NMPC/src/ros2_fast_planner/Fast-Planner-ROS2-Humble/install/plan_env/share /usr/bin/cmake --install /home/rohan908/Documents/ACP/NMPC/src/ros2_fast_planner/Fast-Planner-ROS2-Humble/build/bspline_opt
