[ 71%] Built target plan_env
[100%] Built target obj_generator
-- Install configuration: ""
-- Up-to-date: /home/rohan908/Documents/ACP/NMPC/src/ros2_fast_planner/Fast-Planner-ROS2-Humble/install/plan_env/lib/libplan_env.a
-- Up-to-date: /home/rohan908/Documents/ACP/NMPC/src/ros2_fast_planner/Fast-Planner-ROS2-Humble/install/plan_env/include
-- Up-to-date: /home/rohan908/Documents/ACP/NMPC/src/ros2_fast_planner/Fast-Planner-ROS2-Humble/install/plan_env/include/plan_env
-- Up-to-date: /home/rohan908/Documents/ACP/NMPC/src/ros2_fast_planner/Fast-Planner-ROS2-Humble/install/plan_env/include/plan_env/edt_environment.h
-- Up-to-date: /home/rohan908/Documents/ACP/NMPC/src/ros2_fast_planner/Fast-Planner-ROS2-Humble/install/plan_env/include/plan_env/obj_predictor.h
-- Up-to-date: /home/rohan908/Documents/ACP/NMPC/src/ros2_fast_planner/Fast-Planner-ROS2-Humble/install/plan_env/include/plan_env/raycast.h
-- Up-to-date: /home/rohan908/Documents/ACP/NMPC/src/ros2_fast_planner/Fast-Planner-ROS2-Humble/install/plan_env/include/plan_env/sdf_map.h
-- Up-to-date: /home/rohan908/Documents/ACP/NMPC/src/ros2_fast_planner/Fast-Planner-ROS2-Humble/install/plan_env/include/plan_env/polynomial_traj.hpp
-- Up-to-date: /home/rohan908/Documents/ACP/NMPC/src/ros2_fast_planner/Fast-Planner-ROS2-Humble/install/plan_env/include/plan_env/linear_obj_model.hpp
-- Up-to-date: /home/rohan908/Documents/ACP/NMPC/src/ros2_fast_planner/Fast-Planner-ROS2-Humble/install/plan_env/share/plan_env/environment/library_path.sh
-- Up-to-date: /home/rohan908/Documents/ACP/NMPC/src/ros2_fast_planner/Fast-Planner-ROS2-Humble/install/plan_env/share/plan_env/environment/library_path.dsv
-- Up-to-date: /home/rohan908/Documents/ACP/NMPC/src/ros2_fast_planner/Fast-Planner-ROS2-Humble/install/plan_env/lib/plan_env/obj_generator
-- Up-to-date: /home/rohan908/Documents/ACP/NMPC/src/ros2_fast_planner/Fast-Planner-ROS2-Humble/install/plan_env/share/ament_index/resource_index/package_run_dependencies/plan_env
-- Up-to-date: /home/rohan908/Documents/ACP/NMPC/src/ros2_fast_planner/Fast-Planner-ROS2-Humble/install/plan_env/share/ament_index/resource_index/parent_prefix_path/plan_env
-- Up-to-date: /home/rohan908/Documents/ACP/NMPC/src/ros2_fast_planner/Fast-Planner-ROS2-Humble/install/plan_env/share/plan_env/environment/ament_prefix_path.sh
-- Up-to-date: /home/rohan908/Documents/ACP/NMPC/src/ros2_fast_planner/Fast-Planner-ROS2-Humble/install/plan_env/share/plan_env/environment/ament_prefix_path.dsv
-- Up-to-date: /home/rohan908/Documents/ACP/NMPC/src/ros2_fast_planner/Fast-Planner-ROS2-Humble/install/plan_env/share/plan_env/environment/path.sh
-- Up-to-date: /home/rohan908/Documents/ACP/NMPC/src/ros2_fast_planner/Fast-Planner-ROS2-Humble/install/plan_env/share/plan_env/environment/path.dsv
-- Up-to-date: /home/rohan908/Documents/ACP/NMPC/src/ros2_fast_planner/Fast-Planner-ROS2-Humble/install/plan_env/share/plan_env/local_setup.bash
-- Up-to-date: /home/rohan908/Documents/ACP/NMPC/src/ros2_fast_planner/Fast-Planner-ROS2-Humble/install/plan_env/share/plan_env/local_setup.sh
-- Up-to-date: /home/rohan908/Documents/ACP/NMPC/src/ros2_fast_planner/Fast-Planner-ROS2-Humble/install/plan_env/share/plan_env/local_setup.zsh
-- Up-to-date: /home/rohan908/Documents/ACP/NMPC/src/ros2_fast_planner/Fast-Planner-ROS2-Humble/install/plan_env/share/plan_env/local_setup.dsv
-- Up-to-date: /home/rohan908/Documents/ACP/NMPC/src/ros2_fast_planner/Fast-Planner-ROS2-Humble/install/plan_env/share/plan_env/package.dsv
-- Up-to-date: /home/rohan908/Documents/ACP/NMPC/src/ros2_fast_planner/Fast-Planner-ROS2-Humble/install/plan_env/share/ament_index/resource_index/packages/plan_env
-- Up-to-date: /home/rohan908/Documents/ACP/NMPC/src/ros2_fast_planner/Fast-Planner-ROS2-Humble/install/plan_env/share/plan_env/cmake/export_plan_envExport.cmake
-- Up-to-date: /home/rohan908/Documents/ACP/NMPC/src/ros2_fast_planner/Fast-Planner-ROS2-Humble/install/plan_env/share/plan_env/cmake/export_plan_envExport-noconfig.cmake
-- Up-to-date: /home/rohan908/Documents/ACP/NMPC/src/ros2_fast_planner/Fast-Planner-ROS2-Humble/install/plan_env/share/plan_env/cmake/ament_cmake_export_targets-extras.cmake
-- Up-to-date: /home/rohan908/Documents/ACP/NMPC/src/ros2_fast_planner/Fast-Planner-ROS2-Humble/install/plan_env/share/plan_env/cmake/ament_cmake_export_include_directories-extras.cmake
-- Up-to-date: /home/rohan908/Documents/ACP/NMPC/src/ros2_fast_planner/Fast-Planner-ROS2-Humble/install/plan_env/share/plan_env/cmake/ament_cmake_export_dependencies-extras.cmake
-- Up-to-date: /home/rohan908/Documents/ACP/NMPC/src/ros2_fast_planner/Fast-Planner-ROS2-Humble/install/plan_env/share/plan_env/cmake/plan_envConfig.cmake
-- Up-to-date: /home/rohan908/Documents/ACP/NMPC/src/ros2_fast_planner/Fast-Planner-ROS2-Humble/install/plan_env/share/plan_env/cmake/plan_envConfig-version.cmake
-- Up-to-date: /home/rohan908/Documents/ACP/NMPC/src/ros2_fast_planner/Fast-Planner-ROS2-Humble/install/plan_env/share/plan_env/package.xml
