[35m[1mConsolidate compiler generated dependencies of target path_searching[0m
[ 25%] [32mBuilding CXX object CMakeFiles/path_searching.dir/src/topo_prm.cpp.o[0m
[ 50%] [32m[1mLinking CXX static library libpath_searching.a[0m
[100%] Built target path_searching
-- Install configuration: ""
-- Installing: /home/rohan908/Documents/ACP/NMPC/src/ros2_fast_planner/Fast-Planner-ROS2-Humble/install/path_searching/lib/libpath_searching.a
-- Installing: /home/rohan908/Documents/ACP/NMPC/src/ros2_fast_planner/Fast-Planner-ROS2-Humble/install/path_searching/include
-- Installing: /home/rohan908/Documents/ACP/NMPC/src/ros2_fast_planner/Fast-Planner-ROS2-Humble/install/path_searching/include/path_searching
-- Installing: /home/rohan908/Documents/ACP/NMPC/src/ros2_fast_planner/Fast-Planner-ROS2-Humble/install/path_searching/include/path_searching/kinodynamic_astar.h
-- Installing: /home/rohan908/Documents/ACP/NMPC/src/ros2_fast_planner/Fast-Planner-ROS2-Humble/install/path_searching/include/path_searching/astar.h
-- Installing: /home/rohan908/Documents/ACP/NMPC/src/ros2_fast_planner/Fast-Planner-ROS2-Humble/install/path_searching/include/path_searching/topo_prm.h
-- Installing: /home/rohan908/Documents/ACP/NMPC/src/ros2_fast_planner/Fast-Planner-ROS2-Humble/install/path_searching/share/path_searching/environment/library_path.sh
-- Installing: /home/rohan908/Documents/ACP/NMPC/src/ros2_fast_planner/Fast-Planner-ROS2-Humble/install/path_searching/share/path_searching/environment/library_path.dsv
-- Installing: /home/rohan908/Documents/ACP/NMPC/src/ros2_fast_planner/Fast-Planner-ROS2-Humble/install/path_searching/share/ament_index/resource_index/package_run_dependencies/path_searching
-- Installing: /home/rohan908/Documents/ACP/NMPC/src/ros2_fast_planner/Fast-Planner-ROS2-Humble/install/path_searching/share/ament_index/resource_index/parent_prefix_path/path_searching
-- Installing: /home/rohan908/Documents/ACP/NMPC/src/ros2_fast_planner/Fast-Planner-ROS2-Humble/install/path_searching/share/path_searching/environment/ament_prefix_path.sh
-- Installing: /home/rohan908/Documents/ACP/NMPC/src/ros2_fast_planner/Fast-Planner-ROS2-Humble/install/path_searching/share/path_searching/environment/ament_prefix_path.dsv
-- Installing: /home/rohan908/Documents/ACP/NMPC/src/ros2_fast_planner/Fast-Planner-ROS2-Humble/install/path_searching/share/path_searching/environment/path.sh
-- Installing: /home/rohan908/Documents/ACP/NMPC/src/ros2_fast_planner/Fast-Planner-ROS2-Humble/install/path_searching/share/path_searching/environment/path.dsv
-- Installing: /home/rohan908/Documents/ACP/NMPC/src/ros2_fast_planner/Fast-Planner-ROS2-Humble/install/path_searching/share/path_searching/local_setup.bash
-- Installing: /home/rohan908/Documents/ACP/NMPC/src/ros2_fast_planner/Fast-Planner-ROS2-Humble/install/path_searching/share/path_searching/local_setup.sh
-- Installing: /home/rohan908/Documents/ACP/NMPC/src/ros2_fast_planner/Fast-Planner-ROS2-Humble/install/path_searching/share/path_searching/local_setup.zsh
-- Installing: /home/rohan908/Documents/ACP/NMPC/src/ros2_fast_planner/Fast-Planner-ROS2-Humble/install/path_searching/share/path_searching/local_setup.dsv
-- Installing: /home/rohan908/Documents/ACP/NMPC/src/ros2_fast_planner/Fast-Planner-ROS2-Humble/install/path_searching/share/path_searching/package.dsv
-- Installing: /home/rohan908/Documents/ACP/NMPC/src/ros2_fast_planner/Fast-Planner-ROS2-Humble/install/path_searching/share/ament_index/resource_index/packages/path_searching
-- Installing: /home/rohan908/Documents/ACP/NMPC/src/ros2_fast_planner/Fast-Planner-ROS2-Humble/install/path_searching/share/path_searching/cmake/export_path_searchingExport.cmake
-- Installing: /home/rohan908/Documents/ACP/NMPC/src/ros2_fast_planner/Fast-Planner-ROS2-Humble/install/path_searching/share/path_searching/cmake/export_path_searchingExport-noconfig.cmake
-- Installing: /home/rohan908/Documents/ACP/NMPC/src/ros2_fast_planner/Fast-Planner-ROS2-Humble/install/path_searching/share/path_searching/cmake/ament_cmake_export_targets-extras.cmake
-- Installing: /home/rohan908/Documents/ACP/NMPC/src/ros2_fast_planner/Fast-Planner-ROS2-Humble/install/path_searching/share/path_searching/cmake/ament_cmake_export_include_directories-extras.cmake
-- Installing: /home/rohan908/Documents/ACP/NMPC/src/ros2_fast_planner/Fast-Planner-ROS2-Humble/install/path_searching/share/path_searching/cmake/ament_cmake_export_dependencies-extras.cmake
-- Installing: /home/rohan908/Documents/ACP/NMPC/src/ros2_fast_planner/Fast-Planner-ROS2-Humble/install/path_searching/share/path_searching/cmake/path_searchingConfig.cmake
-- Installing: /home/rohan908/Documents/ACP/NMPC/src/ros2_fast_planner/Fast-Planner-ROS2-Humble/install/path_searching/share/path_searching/cmake/path_searchingConfig-version.cmake
-- Installing: /home/rohan908/Documents/ACP/NMPC/src/ros2_fast_planner/Fast-Planner-ROS2-Humble/install/path_searching/share/path_searching/package.xml
