[0.008s] Invoking command in '/home/rohan908/Documents/ACP/NMPC/src/ros2_fast_planner/Fast-Planner-ROS2-Humble/build/path_searching': CMAKE_PREFIX_PATH=/home/rohan908/Documents/ACP/NMPC/src/ros2_fast_planner/Fast-Planner-ROS2-Humble/install/plan_env PKG_CONFIG_PATH=/home/rohan908/Documents/ACP/NMPC/src/ros2_fast_planner/Fast-Planner-ROS2-Humble/install/plan_env/lib/x86_64-linux-gnu/pkgconfig:/home/rohan908/Documents/ACP/NMPC/src/ros2_fast_planner/Fast-Planner-ROS2-Humble/install/plan_env/lib/pkgconfig ROS_PACKAGE_PATH=/home/rohan908/Documents/ACP/NMPC/src/ros2_fast_planner/Fast-Planner-ROS2-Humble/install/plan_env/share /usr/bin/cmake /home/rohan908/Documents/ACP/NMPC/src/ros2_fast_planner/Fast-Planner-ROS2-Humble/fast_planner/path_searching -DCATKIN_INSTALL_INTO_PREFIX_ROOT=0 -DCMAKE_INSTALL_PREFIX=/home/rohan908/Documents/ACP/NMPC/src/ros2_fast_planner/Fast-Planner-ROS2-Humble/install/path_searching
[0.013s] [0mCMake Deprecation Warning at CMakeLists.txt:1 (cmake_minimum_required):
[0.013s]   Compatibility with CMake < 2.8.12 will be removed from a future version of
[0.014s]   CMake.
[0.014s] 
[0.014s]   Update the VERSION argument <min> value or use a ...<max> suffix to tell
[0.014s]   CMake that the project does not need compatibility with older versions.
[0.014s] 
[0.014s] [0m
[0.042s] -- The C compiler identification is GNU 11.4.0
[0.068s] -- The CXX compiler identification is GNU 11.4.0
[0.072s] -- Detecting C compiler ABI info
[0.117s] -- Detecting C compiler ABI info - done
[0.120s] -- Check for working C compiler: /usr/bin/cc - skipped
[0.120s] -- Detecting C compile features
[0.120s] -- Detecting C compile features - done
[0.122s] -- Detecting CXX compiler ABI info
[0.173s] -- Detecting CXX compiler ABI info - done
[0.176s] -- Check for working CXX compiler: /usr/bin/c++ - skipped
[0.176s] -- Detecting CXX compile features
[0.177s] -- Detecting CXX compile features - done
[0.189s] -- Checking for module 'eigen3'
[0.196s] --   Found eigen3, version 3.4.0
[0.214s] -- Found Eigen: /usr/include/eigen3 (Required is at least version "3.1") 
[0.214s] -- Eigen found (include: /usr/include/eigen3, version: 3.4.0)
[0.219s] -- Found Boost: /usr/lib/x86_64-linux-gnu/cmake/Boost-1.74.0/BoostConfig.cmake (found suitable version "1.74.0", minimum required is "1.65.0") found components: system filesystem date_time iostreams serialization 
[0.226s] -- Checking for module 'flann'
[0.233s] --   Found flann, version 1.9.1
[0.259s] -- Found FLANN: /usr/lib/x86_64-linux-gnu/libflann_cpp.so  
[0.259s] -- FLANN found (include: /usr/include, lib: /usr/lib/x86_64-linux-gnu/libflann_cpp.so)
[0.274s] -- Looking for pthread.h
[0.312s] -- Looking for pthread.h - found
[0.312s] -- Performing Test CMAKE_HAVE_LIBC_PTHREAD
[0.353s] -- Performing Test CMAKE_HAVE_LIBC_PTHREAD - Success
[0.353s] -- Found Threads: TRUE  
[0.354s] -- Found GLEW: /usr/lib/x86_64-linux-gnu/libGLEW.so  
[0.357s] -- Found OpenGL: /usr/lib/x86_64-linux-gnu/libOpenGL.so  found components: OpenGL GLX 
[0.432s] -- Found MPI_C: /usr/lib/x86_64-linux-gnu/libmpi.so (found version "3.1") 
[0.432s] -- Found MPI: TRUE (found version "3.1") found components: C 
[0.433s] -- Found JsonCpp: /usr/lib/x86_64-linux-gnu/libjsoncpp.so (found suitable version "1.9.5", minimum required is "0.7.0") 
[0.437s] -- Found ZLIB: /usr/lib/x86_64-linux-gnu/libz.so (found version "1.2.11") 
[0.445s] -- Found PNG: /usr/lib/x86_64-linux-gnu/libpng.so (found version "1.6.37") 
[0.449s] -- Found Eigen3: /usr/include/eigen3 (found version "3.4.0") 
[0.496s] -- Found X11: /usr/include   
[0.496s] -- Looking for XOpenDisplay in /usr/lib/x86_64-linux-gnu/libX11.so;/usr/lib/x86_64-linux-gnu/libXext.so
[0.540s] -- Looking for XOpenDisplay in /usr/lib/x86_64-linux-gnu/libX11.so;/usr/lib/x86_64-linux-gnu/libXext.so - found
[0.540s] -- Looking for gethostbyname
[0.579s] -- Looking for gethostbyname - found
[0.579s] -- Looking for connect
[0.624s] -- Looking for connect - found
[0.624s] -- Looking for remove
[0.665s] -- Looking for remove - found
[0.665s] -- Looking for shmat
[0.706s] -- Looking for shmat - found
[0.706s] -- Looking for IceConnectionNumber in ICE
[0.745s] -- Looking for IceConnectionNumber in ICE - found
[0.786s] -- Found EXPAT: /usr/lib/x86_64-linux-gnu/libexpat.so (found version "2.4.7") 
[0.787s] -- Found double-conversion: /usr/lib/x86_64-linux-gnu/libdouble-conversion.so  
[0.789s] -- Found LZ4: /usr/lib/x86_64-linux-gnu/liblz4.so (found version "1.9.3") 
[0.789s] -- Found LZMA: /usr/lib/x86_64-linux-gnu/liblzma.so (found version "5.2.5") 
[0.794s] -- Found JPEG: /usr/lib/x86_64-linux-gnu/libjpeg.so (found version "80") 
[0.796s] -- Found TIFF: /usr/lib/x86_64-linux-gnu/libtiff.so (found version "4.3.0")  
[0.797s] -- Found Freetype: /usr/lib/x86_64-linux-gnu/libfreetype.so (found version "2.11.1") 
[0.799s] -- Found utf8cpp: /usr/include/utf8cpp  
[0.847s] -- Checking for module 'libusb-1.0'
[0.854s] --   Found libusb-1.0, version 1.0.25
[0.873s] -- Found libusb: /usr/lib/x86_64-linux-gnu/libusb-1.0.so  
[0.874s] -- Found OpenNI: /usr/lib/libOpenNI.so;libusb::libusb (found version "1.5.4.0") 
[0.874s] -- OpenNI found (version: 1.5.4.0, include: /usr/include/ni, lib: /usr/lib/libOpenNI.so;libusb::libusb)
[0.902s] [0m** WARNING ** io features related to pcap will be disabled[0m
[0.902s] -- Found OpenNI2: /usr/lib/x86_64-linux-gnu/libOpenNI2.so;libusb::libusb (found version "2.2.0.33") 
[0.902s] -- OpenNI2 found (version: 2.2.0.33, include: /usr/include/openni2, lib: /usr/lib/x86_64-linux-gnu/libOpenNI2.so;libusb::libusb)
[0.971s] -- Eigen found (include: /usr/include/eigen3, version: 3.4.0)
[0.974s] -- OpenNI found (version: 1.5.4.0, include: /usr/include/ni, lib: /usr/lib/libOpenNI.so;libusb::libusb)
[0.978s] -- OpenNI2 found (version: 2.2.0.33, include: /usr/include/openni2, lib: /usr/lib/x86_64-linux-gnu/libOpenNI2.so;libusb::libusb)
[1.045s] -- Found Qhull version 8.0.2
[1.116s] -- OpenNI found (version: 1.5.4.0, include: /usr/include/ni, lib: /usr/lib/libOpenNI.so;libusb::libusb)
[1.180s] -- looking for PCL_COMMON
[1.181s] -- Found PCL_COMMON: /usr/lib/x86_64-linux-gnu/libpcl_common.so  
[1.181s] -- looking for PCL_KDTREE
[1.182s] -- Found PCL_KDTREE: /usr/lib/x86_64-linux-gnu/libpcl_kdtree.so  
[1.183s] -- looking for PCL_OCTREE
[1.183s] -- Found PCL_OCTREE: /usr/lib/x86_64-linux-gnu/libpcl_octree.so  
[1.183s] -- looking for PCL_SEARCH
[1.183s] -- Found PCL_SEARCH: /usr/lib/x86_64-linux-gnu/libpcl_search.so  
[1.183s] -- looking for PCL_SAMPLE_CONSENSUS
[1.183s] -- Found PCL_SAMPLE_CONSENSUS: /usr/lib/x86_64-linux-gnu/libpcl_sample_consensus.so  
[1.183s] -- looking for PCL_FILTERS
[1.184s] -- Found PCL_FILTERS: /usr/lib/x86_64-linux-gnu/libpcl_filters.so  
[1.184s] -- looking for PCL_2D
[1.185s] -- Found PCL_2D: /usr/include/pcl-1.12  
[1.185s] -- looking for PCL_GEOMETRY
[1.185s] -- Found PCL_GEOMETRY: /usr/include/pcl-1.12  
[1.185s] -- looking for PCL_IO
[1.185s] -- Found PCL_IO: /usr/lib/x86_64-linux-gnu/libpcl_io.so  
[1.185s] -- looking for PCL_FEATURES
[1.186s] -- Found PCL_FEATURES: /usr/lib/x86_64-linux-gnu/libpcl_features.so  
[1.186s] -- looking for PCL_ML
[1.186s] -- Found PCL_ML: /usr/lib/x86_64-linux-gnu/libpcl_ml.so  
[1.186s] -- looking for PCL_SEGMENTATION
[1.186s] -- Found PCL_SEGMENTATION: /usr/lib/x86_64-linux-gnu/libpcl_segmentation.so  
[1.186s] -- looking for PCL_VISUALIZATION
[1.186s] -- Found PCL_VISUALIZATION: /usr/lib/x86_64-linux-gnu/libpcl_visualization.so  
[1.187s] -- looking for PCL_SURFACE
[1.187s] -- Found PCL_SURFACE: /usr/lib/x86_64-linux-gnu/libpcl_surface.so  
[1.187s] -- looking for PCL_REGISTRATION
[1.188s] -- Found PCL_REGISTRATION: /usr/lib/x86_64-linux-gnu/libpcl_registration.so  
[1.188s] -- looking for PCL_KEYPOINTS
[1.188s] -- Found PCL_KEYPOINTS: /usr/lib/x86_64-linux-gnu/libpcl_keypoints.so  
[1.188s] -- looking for PCL_TRACKING
[1.188s] -- Found PCL_TRACKING: /usr/lib/x86_64-linux-gnu/libpcl_tracking.so  
[1.188s] -- looking for PCL_RECOGNITION
[1.188s] -- Found PCL_RECOGNITION: /usr/lib/x86_64-linux-gnu/libpcl_recognition.so  
[1.188s] -- looking for PCL_STEREO
[1.189s] -- Found PCL_STEREO: /usr/lib/x86_64-linux-gnu/libpcl_stereo.so  
[1.189s] -- looking for PCL_APPS
[1.189s] -- Found PCL_APPS: /usr/lib/x86_64-linux-gnu/libpcl_apps.so  
[1.189s] -- looking for PCL_IN_HAND_SCANNER
[1.189s] -- Found PCL_IN_HAND_SCANNER: /usr/include/pcl-1.12  
[1.189s] -- looking for PCL_MODELER
[1.190s] -- Found PCL_MODELER: /usr/include/pcl-1.12  
[1.190s] -- looking for PCL_POINT_CLOUD_EDITOR
[1.190s] -- Found PCL_POINT_CLOUD_EDITOR: /usr/include/pcl-1.12  
[1.190s] -- looking for PCL_OUTOFCORE
[1.190s] -- Found PCL_OUTOFCORE: /usr/lib/x86_64-linux-gnu/libpcl_outofcore.so  
[1.190s] -- looking for PCL_PEOPLE
[1.190s] -- Found PCL_PEOPLE: /usr/lib/x86_64-linux-gnu/libpcl_people.so  
[1.191s] -- Found PCL: pcl_common;pcl_kdtree;pcl_octree;pcl_search;pcl_sample_consensus;pcl_filters;pcl_io;pcl_features;pcl_ml;pcl_segmentation;pcl_visualization;pcl_surface;pcl_registration;pcl_keypoints;pcl_tracking;pcl_recognition;pcl_stereo;pcl_apps;pcl_outofcore;pcl_people;Boost::system;Boost::filesystem;Boost::date_time;Boost::iostreams;Boost::serialization;/usr/lib/libOpenNI.so;libusb::libusb;/usr/lib/x86_64-linux-gnu/libOpenNI2.so;libusb::libusb;VTK::ChartsCore;VTK::CommonColor;VTK::CommonComputationalGeometry;VTK::CommonCore;VTK::CommonDataModel;VTK::CommonExecutionModel;VTK::CommonMath;VTK::CommonMisc;VTK::CommonTransforms;VTK::FiltersCore;VTK::FiltersExtraction;VTK::FiltersGeneral;VTK::FiltersGeometry;VTK::FiltersModeling;VTK::FiltersSources;VTK::ImagingCore;VTK::ImagingSources;VTK::InteractionImage;VTK::InteractionStyle;VTK::InteractionWidgets;VTK::IOCore;VTK::IOGeometry;VTK::IOImage;VTK::IOLegacy;VTK::IOPLY;VTK::RenderingAnnotation;VTK::RenderingCore;VTK::RenderingContext2D;VTK::RenderingLOD;VTK::RenderingFreeType;VTK::ViewsCore;VTK::ViewsContext2D;VTK::RenderingOpenGL2;VTK::GUISupportQt;FLANN::FLANN;QHULL::QHULL (Required is at least version "1.7") 
[1.195s] [31mCMake Error at CMakeLists.txt:9 (find_package):
[1.195s]   By not providing "Findcatkin.cmake" in CMAKE_MODULE_PATH this project has
[1.195s]   asked CMake to find a package configuration file provided by "catkin", but
[1.195s]   CMake did not find one.
[1.195s] 
[1.195s]   Could not find a package configuration file provided by "catkin" with any
[1.195s]   of the following names:
[1.195s] 
[1.195s]     catkinConfig.cmake
[1.195s]     catkin-config.cmake
[1.195s] 
[1.195s]   Add the installation prefix of "catkin" to CMAKE_PREFIX_PATH or set
[1.195s]   "catkin_DIR" to a directory containing one of the above files.  If "catkin"
[1.196s]   provides a separate development package or SDK, be sure it has been
[1.196s]   installed.
[1.196s] 
[1.196s] [0m
[1.198s] -- Configuring incomplete, errors occurred!
[1.198s] See also "/home/rohan908/Documents/ACP/NMPC/src/ros2_fast_planner/Fast-Planner-ROS2-Humble/build/path_searching/CMakeFiles/CMakeOutput.log".
[1.202s] Invoked command in '/home/rohan908/Documents/ACP/NMPC/src/ros2_fast_planner/Fast-Planner-ROS2-Humble/build/path_searching' returned '1': CMAKE_PREFIX_PATH=/home/rohan908/Documents/ACP/NMPC/src/ros2_fast_planner/Fast-Planner-ROS2-Humble/install/plan_env PKG_CONFIG_PATH=/home/rohan908/Documents/ACP/NMPC/src/ros2_fast_planner/Fast-Planner-ROS2-Humble/install/plan_env/lib/x86_64-linux-gnu/pkgconfig:/home/rohan908/Documents/ACP/NMPC/src/ros2_fast_planner/Fast-Planner-ROS2-Humble/install/plan_env/lib/pkgconfig ROS_PACKAGE_PATH=/home/rohan908/Documents/ACP/NMPC/src/ros2_fast_planner/Fast-Planner-ROS2-Humble/install/plan_env/share /usr/bin/cmake /home/rohan908/Documents/ACP/NMPC/src/ros2_fast_planner/Fast-Planner-ROS2-Humble/fast_planner/path_searching -DCATKIN_INSTALL_INTO_PREFIX_ROOT=0 -DCMAKE_INSTALL_PREFIX=/home/rohan908/Documents/ACP/NMPC/src/ros2_fast_planner/Fast-Planner-ROS2-Humble/install/path_searching
