[0.005s] Invoking command in '/home/rohan908/Documents/ACP/NMPC/src/ros2_fast_planner/Fast-Planner-ROS2-Humble/build/plan_env': /usr/bin/cmake --build /home/rohan908/Documents/ACP/NMPC/src/ros2_fast_planner/Fast-Planner-ROS2-Humble/build/plan_env -- -j20 -l20
[0.032s] [35m[1mConsolidate compiler generated dependencies of target obj_generator[0m
[0.045s] [ 14%] [32mBuilding CXX object CMakeFiles/obj_generator.dir/src/obj_generator.cpp.o[0m
[0.045s] [ 85%] Built target plan_env
[2.990s] [100%] [32m[1mLinking CXX executable obj_generator[0m
[3.106s] [100%] Built target obj_generator
[3.114s] Invoked command in '/home/rohan908/Documents/ACP/NMPC/src/ros2_fast_planner/Fast-Planner-ROS2-Humble/build/plan_env' returned '0': /usr/bin/cmake --build /home/rohan908/Documents/ACP/NMPC/src/ros2_fast_planner/Fast-Planner-ROS2-Humble/build/plan_env -- -j20 -l20
[3.119s] Invoking command in '/home/rohan908/Documents/ACP/NMPC/src/ros2_fast_planner/Fast-Planner-ROS2-Humble/build/plan_env': /usr/bin/cmake --install /home/rohan908/Documents/ACP/NMPC/src/ros2_fast_planner/Fast-Planner-ROS2-Humble/build/plan_env
[3.123s] -- Install configuration: ""
[3.123s] -- Installing: /home/rohan908/Documents/ACP/NMPC/src/ros2_fast_planner/Fast-Planner-ROS2-Humble/install/plan_env/lib/libplan_env.a
[3.149s] -- Installing: /home/rohan908/Documents/ACP/NMPC/src/ros2_fast_planner/Fast-Planner-ROS2-Humble/install/plan_env/lib/plan_env/obj_generator
[3.150s] -- Set runtime path of "/home/rohan908/Documents/ACP/NMPC/src/ros2_fast_planner/Fast-Planner-ROS2-Humble/install/plan_env/lib/plan_env/obj_generator" to ""
[3.150s] -- Installing: /home/rohan908/Documents/ACP/NMPC/src/ros2_fast_planner/Fast-Planner-ROS2-Humble/install/plan_env/include
[3.150s] -- Installing: /home/rohan908/Documents/ACP/NMPC/src/ros2_fast_planner/Fast-Planner-ROS2-Humble/install/plan_env/include/plan_env
[3.150s] -- Installing: /home/rohan908/Documents/ACP/NMPC/src/ros2_fast_planner/Fast-Planner-ROS2-Humble/install/plan_env/include/plan_env/edt_environment.h
[3.150s] -- Installing: /home/rohan908/Documents/ACP/NMPC/src/ros2_fast_planner/Fast-Planner-ROS2-Humble/install/plan_env/include/plan_env/obj_predictor.h
[3.150s] -- Installing: /home/rohan908/Documents/ACP/NMPC/src/ros2_fast_planner/Fast-Planner-ROS2-Humble/install/plan_env/include/plan_env/raycast.h
[3.150s] -- Installing: /home/rohan908/Documents/ACP/NMPC/src/ros2_fast_planner/Fast-Planner-ROS2-Humble/install/plan_env/include/plan_env/sdf_map.h
[3.150s] -- Installing: /home/rohan908/Documents/ACP/NMPC/src/ros2_fast_planner/Fast-Planner-ROS2-Humble/install/plan_env/include/plan_env/polynomial_traj.hpp
[3.150s] -- Installing: /home/rohan908/Documents/ACP/NMPC/src/ros2_fast_planner/Fast-Planner-ROS2-Humble/install/plan_env/include/plan_env/linear_obj_model.hpp
[3.150s] -- Installing: /home/rohan908/Documents/ACP/NMPC/src/ros2_fast_planner/Fast-Planner-ROS2-Humble/install/plan_env/share/ament_index/resource_index/package_run_dependencies/plan_env
[3.150s] -- Installing: /home/rohan908/Documents/ACP/NMPC/src/ros2_fast_planner/Fast-Planner-ROS2-Humble/install/plan_env/share/ament_index/resource_index/parent_prefix_path/plan_env
[3.150s] -- Installing: /home/rohan908/Documents/ACP/NMPC/src/ros2_fast_planner/Fast-Planner-ROS2-Humble/install/plan_env/share/plan_env/environment/ament_prefix_path.sh
[3.150s] -- Installing: /home/rohan908/Documents/ACP/NMPC/src/ros2_fast_planner/Fast-Planner-ROS2-Humble/install/plan_env/share/plan_env/environment/ament_prefix_path.dsv
[3.150s] -- Installing: /home/rohan908/Documents/ACP/NMPC/src/ros2_fast_planner/Fast-Planner-ROS2-Humble/install/plan_env/share/plan_env/environment/path.sh
[3.150s] -- Installing: /home/rohan908/Documents/ACP/NMPC/src/ros2_fast_planner/Fast-Planner-ROS2-Humble/install/plan_env/share/plan_env/environment/path.dsv
[3.151s] -- Installing: /home/rohan908/Documents/ACP/NMPC/src/ros2_fast_planner/Fast-Planner-ROS2-Humble/install/plan_env/share/plan_env/local_setup.bash
[3.151s] -- Installing: /home/rohan908/Documents/ACP/NMPC/src/ros2_fast_planner/Fast-Planner-ROS2-Humble/install/plan_env/share/plan_env/local_setup.sh
[3.151s] -- Installing: /home/rohan908/Documents/ACP/NMPC/src/ros2_fast_planner/Fast-Planner-ROS2-Humble/install/plan_env/share/plan_env/local_setup.zsh
[3.151s] -- Installing: /home/rohan908/Documents/ACP/NMPC/src/ros2_fast_planner/Fast-Planner-ROS2-Humble/install/plan_env/share/plan_env/local_setup.dsv
[3.151s] -- Installing: /home/rohan908/Documents/ACP/NMPC/src/ros2_fast_planner/Fast-Planner-ROS2-Humble/install/plan_env/share/plan_env/package.dsv
[3.151s] -- Installing: /home/rohan908/Documents/ACP/NMPC/src/ros2_fast_planner/Fast-Planner-ROS2-Humble/install/plan_env/share/ament_index/resource_index/packages/plan_env
[3.151s] -- Installing: /home/rohan908/Documents/ACP/NMPC/src/ros2_fast_planner/Fast-Planner-ROS2-Humble/install/plan_env/share/plan_env/cmake/plan_envConfig.cmake
[3.151s] -- Installing: /home/rohan908/Documents/ACP/NMPC/src/ros2_fast_planner/Fast-Planner-ROS2-Humble/install/plan_env/share/plan_env/cmake/plan_envConfig-version.cmake
[3.151s] -- Installing: /home/rohan908/Documents/ACP/NMPC/src/ros2_fast_planner/Fast-Planner-ROS2-Humble/install/plan_env/share/plan_env/package.xml
[3.152s] Invoked command in '/home/rohan908/Documents/ACP/NMPC/src/ros2_fast_planner/Fast-Planner-ROS2-Humble/build/plan_env' returned '0': /usr/bin/cmake --install /home/rohan908/Documents/ACP/NMPC/src/ros2_fast_planner/Fast-Planner-ROS2-Humble/build/plan_env
